[35m[1mConsolidate compiler generated dependencies of target joy_input[0m
[ 50%] Built target joy_output
[ 75%] [32mBuilding CXX object CMakeFiles/joy_input.dir/src/joy_input.cpp.o[0m
[01m[K/home/addienze/MagangBanyubramanta/joystick/control/src/joy_input.cpp:[m[K In constructor ‘[01m[KJoystickInput::JoystickInput()[m[K’:
[01m[K/home/addienze/MagangBanyubramanta/joystick/control/src/joy_input.cpp:15:9:[m[K [01;31m[Kerror: [m[K‘[01m[Kprev_btn0[m[K’ was not declared in this scope
   15 |         [01;31m[Kprev_btn0[m[K = false;
      |         [01;31m[K^~~~~~~~~[m[K
[01m[K/home/addienze/MagangBanyubramanta/joystick/control/src/joy_input.cpp:16:9:[m[K [01;31m[Kerror: [m[K‘[01m[Kprev_btn3[m[K’ was not declared in this scope
   16 |         [01;31m[Kprev_btn3[m[K = false;
      |         [01;31m[K^~~~~~~~~[m[K
[01m[K/home/addienze/MagangBanyubramanta/joystick/control/src/joy_input.cpp:17:9:[m[K [01;31m[Kerror: [m[K‘[01m[Kdepth[m[K’ was not declared in this scope
   17 |         [01;31m[Kdepth[m[K = 0.0f;
      |         [01;31m[K^~~~~[m[K
[01m[K/home/addienze/MagangBanyubramanta/joystick/control/src/joy_input.cpp:[m[K In member function ‘[01m[Kvoid JoystickInput::joy(sensor_msgs::msg::Joy_<std::allocator<void> >::SharedPtr)[m[K’:
[01m[K/home/addienze/MagangBanyubramanta/joystick/control/src/joy_input.cpp:28:9:[m[K [01;31m[Kerror: [m[K‘[01m[Kprev_btn0[m[K’ was not declared in this scope
   28 |         [01;31m[Kprev_btn0[m[K = msg->buttons[0];
      |         [01;31m[K^~~~~~~~~[m[K
[01m[K/home/addienze/MagangBanyubramanta/joystick/control/src/joy_input.cpp:29:9:[m[K [01;31m[Kerror: [m[K‘[01m[Kprev_btn3[m[K’ was not declared in this scope
   29 |         [01;31m[Kprev_btn3[m[K = msg->buttons[3];
      |         [01;31m[K^~~~~~~~~[m[K
gmake[2]: *** [CMakeFiles/joy_input.dir/build.make:76: CMakeFiles/joy_input.dir/src/joy_input.cpp.o] Error 1
gmake[1]: *** [CMakeFiles/Makefile2:139: CMakeFiles/joy_input.dir/all] Error 2
gmake: *** [Makefile:146: all] Error 2
