[0.008s] Invoking command in '/home/addienze/MagangBanyubramanta/Main/vision/build/vision': /usr/bin/cmake --build /home/addienze/MagangBanyubramanta/Main/vision/build/vision -- -j12 -l12
[0.102s] [35m[1mConsolidate compiler generated dependencies of target videoup[0m
[0.144s] [ 50%] [32mBuilding CXX object CMakeFiles/videoup.dir/src/videoup.cpp.o[0m
[4.232s] [100%] [32m[1mLinking CXX executable videoup[0m
[4.840s] [100%] Built target videoup
[4.851s] Invoked command in '/home/addienze/MagangBanyubramanta/Main/vision/build/vision' returned '0': /usr/bin/cmake --build /home/addienze/MagangBanyubramanta/Main/vision/build/vision -- -j12 -l12
[4.879s] Invoking command in '/home/addienze/MagangBanyubramanta/Main/vision/build/vision': /usr/bin/cmake --install /home/addienze/MagangBanyubramanta/Main/vision/build/vision
[4.884s] -- Install configuration: ""
[4.886s] -- Installing: /home/addienze/MagangBanyubramanta/Main/vision/install/vision/lib/vision/videoup
[4.887s] -- Set runtime path of "/home/addienze/MagangBanyubramanta/Main/vision/install/vision/lib/vision/videoup" to ""
[4.887s] -- Up-to-date: /home/addienze/MagangBanyubramanta/Main/vision/install/vision/share/ament_index/resource_index/package_run_dependencies/vision
[4.887s] -- Up-to-date: /home/addienze/MagangBanyubramanta/Main/vision/install/vision/share/ament_index/resource_index/parent_prefix_path/vision
[4.887s] -- Up-to-date: /home/addienze/MagangBanyubramanta/Main/vision/install/vision/share/vision/environment/ament_prefix_path.sh
[4.887s] -- Up-to-date: /home/addienze/MagangBanyubramanta/Main/vision/install/vision/share/vision/environment/ament_prefix_path.dsv
[4.887s] -- Up-to-date: /home/addienze/MagangBanyubramanta/Main/vision/install/vision/share/vision/environment/path.sh
[4.887s] -- Up-to-date: /home/addienze/MagangBanyubramanta/Main/vision/install/vision/share/vision/environment/path.dsv
[4.887s] -- Up-to-date: /home/addienze/MagangBanyubramanta/Main/vision/install/vision/share/vision/local_setup.bash
[4.887s] -- Up-to-date: /home/addienze/MagangBanyubramanta/Main/vision/install/vision/share/vision/local_setup.sh
[4.887s] -- Up-to-date: /home/addienze/MagangBanyubramanta/Main/vision/install/vision/share/vision/local_setup.zsh
[4.887s] -- Up-to-date: /home/addienze/MagangBanyubramanta/Main/vision/install/vision/share/vision/local_setup.dsv
[4.887s] -- Installing: /home/addienze/MagangBanyubramanta/Main/vision/install/vision/share/vision/package.dsv
[4.887s] -- Up-to-date: /home/addienze/MagangBanyubramanta/Main/vision/install/vision/share/ament_index/resource_index/packages/vision
[4.887s] -- Up-to-date: /home/addienze/MagangBanyubramanta/Main/vision/install/vision/share/vision/cmake/visionConfig.cmake
[4.887s] -- Up-to-date: /home/addienze/MagangBanyubramanta/Main/vision/install/vision/share/vision/cmake/visionConfig-version.cmake
[4.887s] -- Up-to-date: /home/addienze/MagangBanyubramanta/Main/vision/install/vision/share/vision/package.xml
[4.889s] Invoked command in '/home/addienze/MagangBanyubramanta/Main/vision/build/vision' returned '0': /usr/bin/cmake --install /home/addienze/MagangBanyubramanta/Main/vision/build/vision
