[0.056s] DEBUG:colcon:Command line arguments: ['/usr/bin/colcon', 'build']
[0.056s] DEBUG:colcon:Parsed command line arguments: Namespace(log_base=None, log_level=None, verb_name='build', build_base='build', install_base='install', merge_install=False, symlink_install=False, test_result_base=None, continue_on_error=False, executor='parallel', parallel_workers=12, event_handlers=None, ignore_user_meta=False, metas=['./colcon.meta'], base_paths=['.'], packages_ignore=None, packages_ignore_regex=None, paths=None, packages_up_to=None, packages_up_to_regex=None, packages_above=None, packages_above_and_dependencies=None, packages_above_depth=None, packages_select_by_dep=None, packages_skip_by_dep=None, packages_skip_up_to=None, packages_select_build_failed=False, packages_skip_build_finished=False, packages_select_test_failures=False, packages_skip_test_passed=False, packages_select=None, packages_skip=None, packages_select_regex=None, packages_skip_regex=None, packages_start=None, packages_end=None, allow_overriding=[], cmake_args=None, cmake_target=None, cmake_target_skip_unavailable=False, cmake_clean_cache=False, cmake_clean_first=False, cmake_force_configure=False, ament_cmake_args=None, catkin_cmake_args=None, catkin_skip_building_tests=False, verb_parser=<colcon_defaults.argument_parser.defaults.DefaultArgumentsDecorator object at 0x7187a2ad37c0>, verb_extension=<colcon_core.verb.build.BuildVerb object at 0x7187a2c502b0>, main=<bound method BuildVerb.main of <colcon_core.verb.build.BuildVerb object at 0x7187a2c502b0>>)
[0.132s] Level 1:colcon.colcon_core.package_discovery:discover_packages(colcon_meta) check parameters
[0.132s] Level 1:colcon.colcon_core.package_discovery:discover_packages(recursive) check parameters
[0.132s] Level 1:colcon.colcon_core.package_discovery:discover_packages(ignore) check parameters
[0.132s] Level 1:colcon.colcon_core.package_discovery:discover_packages(path) check parameters
[0.132s] Level 1:colcon.colcon_core.package_discovery:discover_packages(colcon_meta) discover
[0.132s] Level 1:colcon.colcon_core.package_discovery:discover_packages(recursive) discover
[0.132s] INFO:colcon.colcon_core.package_discovery:Crawling recursively for packages in '/home/addienze/MagangBanyubramanta/Main/cek/spacecheck'
[0.132s] Level 1:colcon.colcon_core.package_identification:_identify(.) by extensions ['ignore', 'ignore_ament_install']
[0.132s] Level 1:colcon.colcon_core.package_identification:_identify(.) by extension 'ignore'
[0.132s] Level 1:colcon.colcon_core.package_identification:_identify(.) by extension 'ignore_ament_install'
[0.132s] Level 1:colcon.colcon_core.package_identification:_identify(.) by extensions ['colcon_pkg']
[0.132s] Level 1:colcon.colcon_core.package_identification:_identify(.) by extension 'colcon_pkg'
[0.132s] Level 1:colcon.colcon_core.package_identification:_identify(.) by extensions ['colcon_meta']
[0.132s] Level 1:colcon.colcon_core.package_identification:_identify(.) by extension 'colcon_meta'
[0.132s] Level 1:colcon.colcon_core.package_identification:_identify(.) by extensions ['ros']
[0.132s] Level 1:colcon.colcon_core.package_identification:_identify(.) by extension 'ros'
[0.146s] DEBUG:colcon.colcon_core.package_identification:Package '.' with type 'ros.ament_cmake' and name 'spacecheck'
[0.146s] Level 1:colcon.colcon_core.package_discovery:discover_packages(recursive) using defaults
[0.146s] Level 1:colcon.colcon_core.package_discovery:discover_packages(ignore) discover
[0.146s] Level 1:colcon.colcon_core.package_discovery:discover_packages(ignore) using defaults
[0.146s] Level 1:colcon.colcon_core.package_discovery:discover_packages(path) discover
[0.146s] Level 1:colcon.colcon_core.package_discovery:discover_packages(path) using defaults
[0.168s] Level 1:colcon.colcon_core.package_discovery:discover_packages(prefix_path) check parameters
[0.168s] Level 1:colcon.colcon_core.package_discovery:discover_packages(prefix_path) discover
[0.170s] DEBUG:colcon.colcon_installed_package_information.package_discovery:Found 1 installed packages in /home/addienze/MagangBanyubramanta/Main/cek/spacecheck/install
[0.171s] DEBUG:colcon.colcon_installed_package_information.package_discovery:Found 272 installed packages in /opt/ros/humble
[0.173s] Level 1:colcon.colcon_core.package_discovery:discover_packages(prefix_path) using defaults
[0.214s] Level 5:colcon.colcon_core.verb:set package 'spacecheck' build argument 'cmake_args' from command line to 'None'
[0.214s] Level 5:colcon.colcon_core.verb:set package 'spacecheck' build argument 'cmake_target' from command line to 'None'
[0.214s] Level 5:colcon.colcon_core.verb:set package 'spacecheck' build argument 'cmake_target_skip_unavailable' from command line to 'False'
[0.214s] Level 5:colcon.colcon_core.verb:set package 'spacecheck' build argument 'cmake_clean_cache' from command line to 'False'
[0.214s] Level 5:colcon.colcon_core.verb:set package 'spacecheck' build argument 'cmake_clean_first' from command line to 'False'
[0.214s] Level 5:colcon.colcon_core.verb:set package 'spacecheck' build argument 'cmake_force_configure' from command line to 'False'
[0.214s] Level 5:colcon.colcon_core.verb:set package 'spacecheck' build argument 'ament_cmake_args' from command line to 'None'
[0.214s] Level 5:colcon.colcon_core.verb:set package 'spacecheck' build argument 'catkin_cmake_args' from command line to 'None'
[0.214s] Level 5:colcon.colcon_core.verb:set package 'spacecheck' build argument 'catkin_skip_building_tests' from command line to 'False'
[0.214s] DEBUG:colcon.colcon_core.verb:Building package 'spacecheck' with the following arguments: {'ament_cmake_args': None, 'build_base': '/home/addienze/MagangBanyubramanta/Main/cek/spacecheck/build/spacecheck', 'catkin_cmake_args': None, 'catkin_skip_building_tests': False, 'cmake_args': None, 'cmake_clean_cache': False, 'cmake_clean_first': False, 'cmake_force_configure': False, 'cmake_target': None, 'cmake_target_skip_unavailable': False, 'install_base': '/home/addienze/MagangBanyubramanta/Main/cek/spacecheck/install/spacecheck', 'merge_install': False, 'path': '/home/addienze/MagangBanyubramanta/Main/cek/spacecheck', 'symlink_install': False, 'test_result_base': None}
[0.214s] INFO:colcon.colcon_core.executor:Executing jobs using 'parallel' executor
[0.215s] DEBUG:colcon.colcon_parallel_executor.executor.parallel:run_until_complete
[0.215s] INFO:colcon.colcon_ros.task.ament_cmake.build:Building ROS package in '/home/addienze/MagangBanyubramanta/Main/cek/spacecheck' with build type 'ament_cmake'
[0.215s] INFO:colcon.colcon_cmake.task.cmake.build:Building CMake package in '/home/addienze/MagangBanyubramanta/Main/cek/spacecheck'
[0.217s] INFO:colcon.colcon_core.plugin_system:Skipping extension 'colcon_core.shell.bat': Not used on non-Windows systems
[0.217s] INFO:colcon.colcon_core.shell:Skip shell extension 'powershell' for command environment: Not usable outside of PowerShell
[0.217s] DEBUG:colcon.colcon_core.shell:Skip shell extension 'dsv' for command environment
[0.228s] DEBUG:colcon.colcon_core.event_handler.log_command:Invoking command in '/home/addienze/MagangBanyubramanta/Main/cek/spacecheck/build/spacecheck': CMAKE_PREFIX_PATH=${CMAKE_PREFIX_PATH}:/opt/ros/humble /usr/bin/cmake --build /home/addienze/MagangBanyubramanta/Main/cek/spacecheck/build/spacecheck -- -j12 -l12
[1.714s] DEBUG:colcon.colcon_core.event_handler.log_command:Invoked command in '/home/addienze/MagangBanyubramanta/Main/cek/spacecheck/build/spacecheck' returned '0': CMAKE_PREFIX_PATH=${CMAKE_PREFIX_PATH}:/opt/ros/humble /usr/bin/cmake --build /home/addienze/MagangBanyubramanta/Main/cek/spacecheck/build/spacecheck -- -j12 -l12
[1.756s] DEBUG:colcon.colcon_core.event_handler.log_command:Invoking command in '/home/addienze/MagangBanyubramanta/Main/cek/spacecheck/build/spacecheck': CMAKE_PREFIX_PATH=${CMAKE_PREFIX_PATH}:/opt/ros/humble /usr/bin/cmake --install /home/addienze/MagangBanyubramanta/Main/cek/spacecheck/build/spacecheck
[1.767s] Level 1:colcon.colcon_core.environment:create_environment_scripts_only(spacecheck)
[1.767s] DEBUG:colcon.colcon_core.event_handler.log_command:Invoked command in '/home/addienze/MagangBanyubramanta/Main/cek/spacecheck/build/spacecheck' returned '0': CMAKE_PREFIX_PATH=${CMAKE_PREFIX_PATH}:/opt/ros/humble /usr/bin/cmake --install /home/addienze/MagangBanyubramanta/Main/cek/spacecheck/build/spacecheck
[1.770s] Level 1:colcon.colcon_core.environment:checking '/home/addienze/MagangBanyubramanta/Main/cek/spacecheck/install/spacecheck' for CMake module files
[1.771s] Level 1:colcon.colcon_core.environment:checking '/home/addienze/MagangBanyubramanta/Main/cek/spacecheck/install/spacecheck' for CMake config files
[1.771s] Level 1:colcon.colcon_core.shell:create_environment_hook('spacecheck', 'cmake_prefix_path')
[1.772s] INFO:colcon.colcon_core.shell:Creating environment hook '/home/addienze/MagangBanyubramanta/Main/cek/spacecheck/install/spacecheck/share/spacecheck/hook/cmake_prefix_path.ps1'
[1.772s] INFO:colcon.colcon_core.shell:Creating environment descriptor '/home/addienze/MagangBanyubramanta/Main/cek/spacecheck/install/spacecheck/share/spacecheck/hook/cmake_prefix_path.dsv'
[1.772s] INFO:colcon.colcon_core.shell:Creating environment hook '/home/addienze/MagangBanyubramanta/Main/cek/spacecheck/install/spacecheck/share/spacecheck/hook/cmake_prefix_path.sh'
[1.773s] Level 1:colcon.colcon_core.environment:checking '/home/addienze/MagangBanyubramanta/Main/cek/spacecheck/install/spacecheck/lib'
[1.773s] Level 1:colcon.colcon_core.environment:checking '/home/addienze/MagangBanyubramanta/Main/cek/spacecheck/install/spacecheck/bin'
[1.773s] Level 1:colcon.colcon_core.environment:checking '/home/addienze/MagangBanyubramanta/Main/cek/spacecheck/install/spacecheck/lib/pkgconfig/spacecheck.pc'
[1.774s] Level 1:colcon.colcon_core.environment:checking '/home/addienze/MagangBanyubramanta/Main/cek/spacecheck/install/spacecheck/lib/python3.10/site-packages'
[1.774s] Level 1:colcon.colcon_core.environment:checking '/home/addienze/MagangBanyubramanta/Main/cek/spacecheck/install/spacecheck/bin'
[1.774s] INFO:colcon.colcon_core.shell:Creating package script '/home/addienze/MagangBanyubramanta/Main/cek/spacecheck/install/spacecheck/share/spacecheck/package.ps1'
[1.775s] INFO:colcon.colcon_core.shell:Creating package descriptor '/home/addienze/MagangBanyubramanta/Main/cek/spacecheck/install/spacecheck/share/spacecheck/package.dsv'
[1.775s] INFO:colcon.colcon_core.shell:Creating package script '/home/addienze/MagangBanyubramanta/Main/cek/spacecheck/install/spacecheck/share/spacecheck/package.sh'
[1.776s] INFO:colcon.colcon_core.shell:Creating package script '/home/addienze/MagangBanyubramanta/Main/cek/spacecheck/install/spacecheck/share/spacecheck/package.bash'
[1.777s] INFO:colcon.colcon_core.shell:Creating package script '/home/addienze/MagangBanyubramanta/Main/cek/spacecheck/install/spacecheck/share/spacecheck/package.zsh'
[1.778s] Level 1:colcon.colcon_core.environment:create_file_with_runtime_dependencies(/home/addienze/MagangBanyubramanta/Main/cek/spacecheck/install/spacecheck/share/colcon-core/packages/spacecheck)
[1.807s] Level 1:colcon.colcon_core.environment:create_environment_scripts_only(spacecheck)
[1.807s] Level 1:colcon.colcon_core.environment:checking '/home/addienze/MagangBanyubramanta/Main/cek/spacecheck/install/spacecheck' for CMake module files
[1.808s] Level 1:colcon.colcon_core.environment:checking '/home/addienze/MagangBanyubramanta/Main/cek/spacecheck/install/spacecheck' for CMake config files
[1.808s] Level 1:colcon.colcon_core.shell:create_environment_hook('spacecheck', 'cmake_prefix_path')
[1.808s] INFO:colcon.colcon_core.shell:Creating environment hook '/home/addienze/MagangBanyubramanta/Main/cek/spacecheck/install/spacecheck/share/spacecheck/hook/cmake_prefix_path.ps1'
[1.808s] INFO:colcon.colcon_core.shell:Creating environment descriptor '/home/addienze/MagangBanyubramanta/Main/cek/spacecheck/install/spacecheck/share/spacecheck/hook/cmake_prefix_path.dsv'
[1.809s] INFO:colcon.colcon_core.shell:Creating environment hook '/home/addienze/MagangBanyubramanta/Main/cek/spacecheck/install/spacecheck/share/spacecheck/hook/cmake_prefix_path.sh'
[1.809s] Level 1:colcon.colcon_core.environment:checking '/home/addienze/MagangBanyubramanta/Main/cek/spacecheck/install/spacecheck/lib'
[1.809s] Level 1:colcon.colcon_core.environment:checking '/home/addienze/MagangBanyubramanta/Main/cek/spacecheck/install/spacecheck/bin'
[1.809s] Level 1:colcon.colcon_core.environment:checking '/home/addienze/MagangBanyubramanta/Main/cek/spacecheck/install/spacecheck/lib/pkgconfig/spacecheck.pc'
[1.809s] Level 1:colcon.colcon_core.environment:checking '/home/addienze/MagangBanyubramanta/Main/cek/spacecheck/install/spacecheck/lib/python3.10/site-packages'
[1.810s] Level 1:colcon.colcon_core.environment:checking '/home/addienze/MagangBanyubramanta/Main/cek/spacecheck/install/spacecheck/bin'
[1.810s] INFO:colcon.colcon_core.shell:Creating package script '/home/addienze/MagangBanyubramanta/Main/cek/spacecheck/install/spacecheck/share/spacecheck/package.ps1'
[1.811s] INFO:colcon.colcon_core.shell:Creating package descriptor '/home/addienze/MagangBanyubramanta/Main/cek/spacecheck/install/spacecheck/share/spacecheck/package.dsv'
[1.811s] INFO:colcon.colcon_core.shell:Creating package script '/home/addienze/MagangBanyubramanta/Main/cek/spacecheck/install/spacecheck/share/spacecheck/package.sh'
[1.812s] INFO:colcon.colcon_core.shell:Creating package script '/home/addienze/MagangBanyubramanta/Main/cek/spacecheck/install/spacecheck/share/spacecheck/package.bash'
[1.812s] INFO:colcon.colcon_core.shell:Creating package script '/home/addienze/MagangBanyubramanta/Main/cek/spacecheck/install/spacecheck/share/spacecheck/package.zsh'
[1.813s] Level 1:colcon.colcon_core.environment:create_file_with_runtime_dependencies(/home/addienze/MagangBanyubramanta/Main/cek/spacecheck/install/spacecheck/share/colcon-core/packages/spacecheck)
[1.813s] DEBUG:colcon.colcon_parallel_executor.executor.parallel:closing loop
[1.814s] DEBUG:colcon.colcon_parallel_executor.executor.parallel:loop closed
[1.814s] DEBUG:colcon.colcon_parallel_executor.executor.parallel:run_until_complete finished with '0'
[1.814s] DEBUG:colcon.colcon_core.event_reactor:joining thread
[1.818s] INFO:colcon.colcon_core.plugin_system:Skipping extension 'colcon_notification.desktop_notification.terminal_notifier': Not used on non-Darwin systems
[1.819s] INFO:colcon.colcon_core.plugin_system:Skipping extension 'colcon_notification.desktop_notification.win32': Not used on non-Windows systems
[1.819s] INFO:colcon.colcon_notification.desktop_notification:Sending desktop notification using 'notify2'
[1.830s] DEBUG:colcon.colcon_core.event_reactor:joined thread
[1.831s] INFO:colcon.colcon_core.shell:Creating prefix script '/home/addienze/MagangBanyubramanta/Main/cek/spacecheck/install/local_setup.ps1'
[1.833s] INFO:colcon.colcon_core.shell:Creating prefix util module '/home/addienze/MagangBanyubramanta/Main/cek/spacecheck/install/_local_setup_util_ps1.py'
[1.835s] INFO:colcon.colcon_core.shell:Creating prefix chain script '/home/addienze/MagangBanyubramanta/Main/cek/spacecheck/install/setup.ps1'
[1.836s] INFO:colcon.colcon_core.shell:Creating prefix script '/home/addienze/MagangBanyubramanta/Main/cek/spacecheck/install/local_setup.sh'
[1.837s] INFO:colcon.colcon_core.shell:Creating prefix util module '/home/addienze/MagangBanyubramanta/Main/cek/spacecheck/install/_local_setup_util_sh.py'
[1.837s] INFO:colcon.colcon_core.shell:Creating prefix chain script '/home/addienze/MagangBanyubramanta/Main/cek/spacecheck/install/setup.sh'
[1.839s] INFO:colcon.colcon_core.shell:Creating prefix script '/home/addienze/MagangBanyubramanta/Main/cek/spacecheck/install/local_setup.bash'
[1.840s] INFO:colcon.colcon_core.shell:Creating prefix chain script '/home/addienze/MagangBanyubramanta/Main/cek/spacecheck/install/setup.bash'
[1.841s] INFO:colcon.colcon_core.shell:Creating prefix script '/home/addienze/MagangBanyubramanta/Main/cek/spacecheck/install/local_setup.zsh'
[1.841s] INFO:colcon.colcon_core.shell:Creating prefix chain script '/home/addienze/MagangBanyubramanta/Main/cek/spacecheck/install/setup.zsh'
