[0.011s] Invoking command in '/home/addienze/MagangBanyubramanta/Main/vision/build/vision': CMAKE_PREFIX_PATH=/opt/ros/humble /usr/bin/cmake /home/addienze/MagangBanyubramanta/Main/vision -DCMAKE_INSTALL_PREFIX=/home/addienze/MagangBanyubramanta/Main/vision/install/vision
[0.116s] -- The C compiler identification is GNU 11.4.0
[0.207s] -- The CXX compiler identification is GNU 11.4.0
[0.216s] -- Detecting C compiler ABI info
[0.285s] -- Detecting C compiler ABI info - done
[0.292s] -- Check for working C compiler: /usr/bin/cc - skipped
[0.293s] -- Detecting C compile features
[0.294s] -- Detecting C compile features - done
[0.298s] -- Detecting CXX compiler ABI info
[0.379s] -- Detecting CXX compiler ABI info - done
[0.385s] -- Check for working CXX compiler: /usr/bin/c++ - skipped
[0.385s] -- Detecting CXX compile features
[0.385s] -- Detecting CXX compile features - done
[0.390s] -- Found ament_cmake: 1.3.10 (/opt/ros/humble/share/ament_cmake/cmake)
[0.578s] -- Found Python3: /usr/bin/python3 (found version "3.10.12") found components: Interpreter 
[0.666s] -- Found rclcpp: 16.0.10 (/opt/ros/humble/share/rclcpp/cmake)
[0.710s] -- Found rosidl_generator_c: 3.1.5 (/opt/ros/humble/share/rosidl_generator_c/cmake)
[0.715s] -- Found rosidl_adapter: 3.1.5 (/opt/ros/humble/share/rosidl_adapter/cmake)
[0.722s] -- Found rosidl_generator_cpp: 3.1.5 (/opt/ros/humble/share/rosidl_generator_cpp/cmake)
[0.734s] -- Using all available rosidl_typesupport_c: rosidl_typesupport_fastrtps_c;rosidl_typesupport_introspection_c
[0.751s] -- Using all available rosidl_typesupport_cpp: rosidl_typesupport_fastrtps_cpp;rosidl_typesupport_introspection_cpp
[0.788s] -- Found rmw_implementation_cmake: 6.1.2 (/opt/ros/humble/share/rmw_implementation_cmake/cmake)
[0.791s] -- Found rmw_fastrtps_cpp: 6.2.7 (/opt/ros/humble/share/rmw_fastrtps_cpp/cmake)
[0.869s] -- Found OpenSSL: /usr/lib/x86_64-linux-gnu/libcrypto.so (found version "3.0.2")  
[0.893s] -- Found FastRTPS: /opt/ros/humble/include  
[0.925s] -- Using RMW implementation 'rmw_fastrtps_cpp' as default
[0.937s] -- Looking for pthread.h
[1.001s] -- Looking for pthread.h - found
[1.002s] -- Performing Test CMAKE_HAVE_LIBC_PTHREAD
[1.069s] -- Performing Test CMAKE_HAVE_LIBC_PTHREAD - Success
[1.071s] -- Found Threads: TRUE  
[1.122s] [31mCMake Error at CMakeLists.txt:11 (find_package):
[1.122s]   By not providing "Findinterfaces.cmake" in CMAKE_MODULE_PATH this project
[1.122s]   has asked CMake to find a package configuration file provided by
[1.122s]   "interfaces", but CMake did not find one.
[1.122s] 
[1.122s]   Could not find a package configuration file provided by "interfaces" with
[1.122s]   any of the following names:
[1.122s] 
[1.122s]     interfacesConfig.cmake
[1.122s]     interfaces-config.cmake
[1.122s] 
[1.122s]   Add the installation prefix of "interfaces" to CMAKE_PREFIX_PATH or set
[1.123s]   "interfaces_DIR" to a directory containing one of the above files.  If
[1.123s]   "interfaces" provides a separate development package or SDK, be sure it has
[1.123s]   been installed.
[1.123s] 
[1.123s] [0m
[1.123s] -- Configuring incomplete, errors occurred!
[1.123s] See also "/home/addienze/MagangBanyubramanta/Main/vision/build/vision/CMakeFiles/CMakeOutput.log".
[1.129s] Invoked command in '/home/addienze/MagangBanyubramanta/Main/vision/build/vision' returned '1': CMAKE_PREFIX_PATH=/opt/ros/humble /usr/bin/cmake /home/addienze/MagangBanyubramanta/Main/vision -DCMAKE_INSTALL_PREFIX=/home/addienze/MagangBanyubramanta/Main/vision/install/vision
