[0.007s] Invoking command in '/home/addienze/MagangBanyubramanta/joystick/control/build/control': CMAKE_PREFIX_PATH=/opt/ros/humble /usr/bin/cmake --build /home/addienze/MagangBanyubramanta/joystick/control/build/control -- -j12 -l12
[0.040s] [35m[1mConsolidate compiler generated dependencies of target joy_output[0m
[0.040s] [35m[1mConsolidate compiler generated dependencies of target joy_input[0m
[0.053s] [ 25%] [32mBuilding CXX object CMakeFiles/joy_input.dir/src/joy_input.cpp.o[0m
[0.054s] [ 75%] Built target joy_output
[1.528s] [01m[K/home/addienze/MagangBanyubramanta/joystick/control/src/joy_input.cpp:[m[K In constructor ‘[01m[KJoystickInput::JoystickInput()[m[K’:
[1.528s] [01m[K/home/addienze/MagangBanyubramanta/joystick/control/src/joy_input.cpp:15:9:[m[K [01;31m[Kerror: [m[K‘[01m[Kprev_btn0[m[K’ was not declared in this scope
[1.528s]    15 |         [01;31m[Kprev_btn0[m[K = false;
[1.528s]       |         [01;31m[K^~~~~~~~~[m[K
[1.532s] [01m[K/home/addienze/MagangBanyubramanta/joystick/control/src/joy_input.cpp:16:9:[m[K [01;31m[Kerror: [m[K‘[01m[Kprev_btn3[m[K’ was not declared in this scope
[1.532s]    16 |         [01;31m[Kprev_btn3[m[K = false;
[1.532s]       |         [01;31m[K^~~~~~~~~[m[K
[1.536s] [01m[K/home/addienze/MagangBanyubramanta/joystick/control/src/joy_input.cpp:17:9:[m[K [01;31m[Kerror: [m[K‘[01m[Kdepth[m[K’ was not declared in this scope
[1.536s]    17 |         [01;31m[Kdepth[m[K = 0.0f;
[1.536s]       |         [01;31m[K^~~~~[m[K
[1.542s] [01m[K/home/addienze/MagangBanyubramanta/joystick/control/src/joy_input.cpp:[m[K In member function ‘[01m[Kvoid JoystickInput::joy(sensor_msgs::msg::Joy_<std::allocator<void> >::SharedPtr)[m[K’:
[1.542s] [01m[K/home/addienze/MagangBanyubramanta/joystick/control/src/joy_input.cpp:28:9:[m[K [01;31m[Kerror: [m[K‘[01m[Kprev_btn0[m[K’ was not declared in this scope
[1.542s]    28 |         [01;31m[Kprev_btn0[m[K = msg->buttons[0];
[1.542s]       |         [01;31m[K^~~~~~~~~[m[K
[1.545s] [01m[K/home/addienze/MagangBanyubramanta/joystick/control/src/joy_input.cpp:29:9:[m[K [01;31m[Kerror: [m[K‘[01m[Kprev_btn3[m[K’ was not declared in this scope
[1.546s]    29 |         [01;31m[Kprev_btn3[m[K = msg->buttons[3];
[1.546s]       |         [01;31m[K^~~~~~~~~[m[K
[3.070s] gmake[2]: *** [CMakeFiles/joy_input.dir/build.make:76: CMakeFiles/joy_input.dir/src/joy_input.cpp.o] Error 1
[3.070s] gmake[1]: *** [CMakeFiles/Makefile2:139: CMakeFiles/joy_input.dir/all] Error 2
[3.070s] gmake: *** [Makefile:146: all] Error 2
[3.072s] Invoked command in '/home/addienze/MagangBanyubramanta/joystick/control/build/control' returned '2': CMAKE_PREFIX_PATH=/opt/ros/humble /usr/bin/cmake --build /home/addienze/MagangBanyubramanta/joystick/control/build/control -- -j12 -l12
