-- Found ament_cmake: 1.3.10 (/opt/ros/humble/share/ament_cmake/cmake)
-- Found rclcpp: 16.0.10 (/opt/ros/humble/share/rclcpp/cmake)
-- Found rosidl_generator_c: 3.1.5 (/opt/ros/humble/share/rosidl_generator_c/cmake)
-- Found rosidl_adapter: 3.1.5 (/opt/ros/humble/share/rosidl_adapter/cmake)
-- Found rosidl_generator_cpp: 3.1.5 (/opt/ros/humble/share/rosidl_generator_cpp/cmake)
-- Using all available rosidl_typesupport_c: rosidl_typesupport_fastrtps_c;rosidl_typesupport_introspection_c
-- Using all available rosidl_typesupport_cpp: rosidl_typesupport_fastrtps_cpp;rosidl_typesupport_introspection_cpp
-- Found rmw_implementation_cmake: 6.1.2 (/opt/ros/humble/share/rmw_implementation_cmake/cmake)
-- Found rmw_fastrtps_cpp: 6.2.7 (/opt/ros/humble/share/rmw_fastrtps_cpp/cmake)
-- Using RMW implementation 'rmw_fastrtps_cpp' as default
-- Found geometry_msgs: 4.2.4 (/opt/ros/humble/share/geometry_msgs/cmake)
-- Found sensor_msgs: 4.2.4 (/opt/ros/humble/share/sensor_msgs/cmake)
-- Found ament_lint_auto: 0.12.11 (/opt/ros/humble/share/ament_lint_auto/cmake)
-- Added test 'cppcheck' to perform static code analysis on C / C++ code
-- Configured cppcheck include dirs: 
-- Configured cppcheck exclude dirs and/or files: 
-- Added test 'flake8' to check Python code syntax and style conventions
-- Added test 'lint_cmake' to check CMake code style
-- Added test 'pep257' to check Python code against some of the docstring style conventions in PEP 257
-- Added test 'uncrustify' to check C / C++ code style
-- Configured uncrustify additional arguments: 
-- Added test 'xmllint' to check XML markup files
-- Configuring done
-- Generating done
-- Build files have been written to: /home/addienze/MagangBanyubramanta/joystick/control/build/control
[35m[1mConsolidate compiler generated dependencies of target joy_output[0m
[35m[1mConsolidate compiler generated dependencies of target joy_input[0m
[ 50%] [32mBuilding CXX object CMakeFiles/joy_input.dir/src/joy_input.cpp.o[0m
[ 50%] [32mBuilding CXX object CMakeFiles/joy_output.dir/src/joy_output.cpp.o[0m
[01m[K/home/addienze/MagangBanyubramanta/joystick/control/src/joy_output.cpp:7:5:[m[K [01;31m[Kerror: [m[KISO C++ forbids declaration of ‘[01m[KOutput[m[K’ with no type [[01;31m[K]8;;https://gcc.gnu.org/onlinedocs/gcc/Warning-Options.html#index-fpermissive-fpermissive]8;;[m[K]
    7 |     [01;31m[KOutput[m[K() : Node("joy_output") {
      |     [01;31m[K^~~~~~[m[K
[01m[K/home/addienze/MagangBanyubramanta/joystick/control/src/joy_output.cpp:[m[K In member function ‘[01m[Kint OutputPublisher::Output()[m[K’:
[01m[K/home/addienze/MagangBanyubramanta/joystick/control/src/joy_output.cpp:7:16:[m[K [01;31m[Kerror: [m[Konly constructors take member initializers
    7 |     Output() : [01;31m[KNode[m[K("joy_output") {
      |                [01;31m[K^~~~[m[K
[01m[K/home/addienze/MagangBanyubramanta/joystick/control/src/joy_output.cpp:13:5:[m[K [01;35m[Kwarning: [m[Kno return statement in function returning non-void [[01;35m[K]8;;https://gcc.gnu.org/onlinedocs/gcc/Warning-Options.html#index-Wreturn-type-Wreturn-type]8;;[m[K]
   13 |     [01;35m[K}[m[K
      |     [01;35m[K^[m[K
[01m[K/home/addienze/MagangBanyubramanta/joystick/control/src/joy_output.cpp:[m[K In function ‘[01m[Kint main(int, char**)[m[K’:
[01m[K/home/addienze/MagangBanyubramanta/joystick/control/src/joy_output.cpp:31:35:[m[K [01;31m[Kerror: [m[K‘[01m[KOutput[m[K’ was not declared in this scope
   31 |     rclcpp::spin(std::make_shared<[01;31m[KOutput[m[K>());
      |                                   [01;31m[K^~~~~~[m[K
[01m[K/home/addienze/MagangBanyubramanta/joystick/control/src/joy_output.cpp:31:42:[m[K [01;31m[Kerror: [m[Kno matching function for call to ‘[01m[Kmake_shared<<expression error> >()[m[K’
   31 |     rclcpp::spin([01;31m[Kstd::make_shared<Output>()[m[K);
      |                  [01;31m[K~~~~~~~~~~~~~~~~~~~~~~~~^~[m[K
In file included from [01m[K/usr/include/c++/11/memory:77[m[K,
                 from [01m[K/opt/ros/humble/include/rclcpp/rclcpp/rclcpp.hpp:153[m[K,
                 from [01m[K/home/addienze/MagangBanyubramanta/joystick/control/src/joy_output.cpp:1[m[K:
[01m[K/usr/include/c++/11/bits/shared_ptr.h:875:5:[m[K [01;36m[Knote: [m[Kcandidate: ‘[01m[Ktemplate<class _Tp, class ... _Args> std::shared_ptr<_Tp> std::make_shared(_Args&& ...)[m[K’
  875 |     [01;36m[Kmake_shared[m[K(_Args&&... __args)
      |     [01;36m[K^~~~~~~~~~~[m[K
[01m[K/usr/include/c++/11/bits/shared_ptr.h:875:5:[m[K [01;36m[Knote: [m[K  template argument deduction/substitution failed:
[01m[K/home/addienze/MagangBanyubramanta/joystick/control/src/joy_output.cpp:31:42:[m[K [01;31m[Kerror: [m[Ktemplate argument 1 is invalid
   31 |     rclcpp::spin([01;31m[Kstd::make_shared<Output>()[m[K);
      |                  [01;31m[K~~~~~~~~~~~~~~~~~~~~~~~~^~[m[K
gmake[2]: *** [CMakeFiles/joy_output.dir/build.make:76: CMakeFiles/joy_output.dir/src/joy_output.cpp.o] Error 1
gmake[1]: *** [CMakeFiles/Makefile2:165: CMakeFiles/joy_output.dir/all] Error 2
gmake[1]: *** Waiting for unfinished jobs....
[ 75%] [32m[1mLinking CXX executable joy_input[0m
[ 75%] Built target joy_input
gmake: *** [Makefile:146: all] Error 2
