[0.010s] Invoking command in '/home/addienze/MagangBanyubramanta/Main/vision/build/vision': CMAKE_PREFIX_PATH=${CMAKE_PREFIX_PATH}:/opt/ros/humble /usr/bin/cmake --build /home/addienze/MagangBanyubramanta/Main/vision/build/vision -- -j12 -l12
[0.059s] [ 50%] [32mBuilding CXX object CMakeFiles/videoup.dir/src/videoup.cpp.o[0m
[3.852s] [100%] [32m[1mLinking CXX executable videoup[0m
[4.294s] [100%] Built target videoup
[4.302s] Invoked command in '/home/addienze/MagangBanyubramanta/Main/vision/build/vision' returned '0': CMAKE_PREFIX_PATH=${CMAKE_PREFIX_PATH}:/opt/ros/humble /usr/bin/cmake --build /home/addienze/MagangBanyubramanta/Main/vision/build/vision -- -j12 -l12
[4.332s] Invoking command in '/home/addienze/MagangBanyubramanta/Main/vision/build/vision': CMAKE_PREFIX_PATH=${CMAKE_PREFIX_PATH}:/opt/ros/humble /usr/bin/cmake --install /home/addienze/MagangBanyubramanta/Main/vision/build/vision
[4.337s] -- Install configuration: ""
[4.337s] -- Installing: /home/addienze/MagangBanyubramanta/Main/vision/install/vision/lib/vision/videoup
[4.338s] -- Set runtime path of "/home/addienze/MagangBanyubramanta/Main/vision/install/vision/lib/vision/videoup" to ""
[4.338s] -- Up-to-date: /home/addienze/MagangBanyubramanta/Main/vision/install/vision/share/ament_index/resource_index/package_run_dependencies/vision
[4.338s] -- Up-to-date: /home/addienze/MagangBanyubramanta/Main/vision/install/vision/share/ament_index/resource_index/parent_prefix_path/vision
[4.338s] -- Up-to-date: /home/addienze/MagangBanyubramanta/Main/vision/install/vision/share/vision/environment/ament_prefix_path.sh
[4.338s] -- Up-to-date: /home/addienze/MagangBanyubramanta/Main/vision/install/vision/share/vision/environment/ament_prefix_path.dsv
[4.338s] -- Up-to-date: /home/addienze/MagangBanyubramanta/Main/vision/install/vision/share/vision/environment/path.sh
[4.338s] -- Up-to-date: /home/addienze/MagangBanyubramanta/Main/vision/install/vision/share/vision/environment/path.dsv
[4.338s] -- Up-to-date: /home/addienze/MagangBanyubramanta/Main/vision/install/vision/share/vision/local_setup.bash
[4.338s] -- Up-to-date: /home/addienze/MagangBanyubramanta/Main/vision/install/vision/share/vision/local_setup.sh
[4.339s] -- Up-to-date: /home/addienze/MagangBanyubramanta/Main/vision/install/vision/share/vision/local_setup.zsh
[4.339s] -- Up-to-date: /home/addienze/MagangBanyubramanta/Main/vision/install/vision/share/vision/local_setup.dsv
[4.339s] -- Installing: /home/addienze/MagangBanyubramanta/Main/vision/install/vision/share/vision/package.dsv
[4.339s] -- Up-to-date: /home/addienze/MagangBanyubramanta/Main/vision/install/vision/share/ament_index/resource_index/packages/vision
[4.339s] -- Up-to-date: /home/addienze/MagangBanyubramanta/Main/vision/install/vision/share/vision/cmake/visionConfig.cmake
[4.339s] -- Up-to-date: /home/addienze/MagangBanyubramanta/Main/vision/install/vision/share/vision/cmake/visionConfig-version.cmake
[4.339s] -- Up-to-date: /home/addienze/MagangBanyubramanta/Main/vision/install/vision/share/vision/package.xml
[4.340s] Invoked command in '/home/addienze/MagangBanyubramanta/Main/vision/build/vision' returned '0': CMAKE_PREFIX_PATH=${CMAKE_PREFIX_PATH}:/opt/ros/humble /usr/bin/cmake --install /home/addienze/MagangBanyubramanta/Main/vision/build/vision
