[0.006s] Invoking command in '/home/addienze/MagangBanyubramanta/joystick/control/build/control': CMAKE_PREFIX_PATH=/opt/ros/humble /usr/bin/cmake --build /home/addienze/MagangBanyubramanta/joystick/control/build/control -- -j12 -l12
[0.022s] -- Found ament_cmake: 1.3.10 (/opt/ros/humble/share/ament_cmake/cmake)
[0.097s] -- Found rclcpp: 16.0.10 (/opt/ros/humble/share/rclcpp/cmake)
[0.112s] -- Found rosidl_generator_c: 3.1.5 (/opt/ros/humble/share/rosidl_generator_c/cmake)
[0.113s] -- Found rosidl_adapter: 3.1.5 (/opt/ros/humble/share/rosidl_adapter/cmake)
[0.116s] -- Found rosidl_generator_cpp: 3.1.5 (/opt/ros/humble/share/rosidl_generator_cpp/cmake)
[0.122s] -- Using all available rosidl_typesupport_c: rosidl_typesupport_fastrtps_c;rosidl_typesupport_introspection_c
[0.129s] -- Using all available rosidl_typesupport_cpp: rosidl_typesupport_fastrtps_cpp;rosidl_typesupport_introspection_cpp
[0.146s] -- Found rmw_implementation_cmake: 6.1.2 (/opt/ros/humble/share/rmw_implementation_cmake/cmake)
[0.147s] -- Found rmw_fastrtps_cpp: 6.2.7 (/opt/ros/humble/share/rmw_fastrtps_cpp/cmake)
[0.201s] -- Using RMW implementation 'rmw_fastrtps_cpp' as default
[0.233s] -- Configuring incomplete, errors occurred!
[0.233s] See also "/home/addienze/MagangBanyubramanta/joystick/control/build/control/CMakeFiles/CMakeOutput.log".
[0.233s] [31mCMake Error at CMakeLists.txt:12 (find_package):
[0.233s]   By not providing "Findinterfaces.cmake" in CMAKE_MODULE_PATH this project
[0.233s]   has asked CMake to find a package configuration file provided by
[0.233s]   "interfaces", but CMake did not find one.
[0.233s] 
[0.233s]   Could not find a package configuration file provided by "interfaces" with
[0.233s]   any of the following names:
[0.233s] 
[0.233s]     interfacesConfig.cmake
[0.233s]     interfaces-config.cmake
[0.233s] 
[0.233s]   Add the installation prefix of "interfaces" to CMAKE_PREFIX_PATH or set
[0.233s]   "interfaces_DIR" to a directory containing one of the above files.  If
[0.234s]   "interfaces" provides a separate development package or SDK, be sure it has
[0.234s]   been installed.
[0.234s] 
[0.234s] [0m
[0.236s] gmake: *** [Makefile:308: cmake_check_build_system] Error 1
[0.238s] Invoked command in '/home/addienze/MagangBanyubramanta/joystick/control/build/control' returned '2': CMAKE_PREFIX_PATH=/opt/ros/humble /usr/bin/cmake --build /home/addienze/MagangBanyubramanta/joystick/control/build/control -- -j12 -l12
