[01m[K/home/addienze/MagangBanyubramanta/joystick/control/src/joy_input.cpp:2:10:[m[K [01;31m[Kfatal error: [m[Ksensor_msgs/msg/joy.hpp: No such file or directory
    2 | #include [01;31m[K"sensor_msgs/msg/joy.hpp"[m[K
      |          [01;31m[K^~~~~~~~~~~~~~~~~~~~~~~~~[m[K
compilation terminated.
gmake[2]: *** [CMakeFiles/joy_input.dir/build.make:76: CMakeFiles/joy_input.dir/src/joy_input.cpp.o] Error 1
gmake[1]: *** [CMakeFiles/Makefile2:139: CMakeFiles/joy_input.dir/all] Error 2
gmake[1]: *** Waiting for unfinished jobs....
[01m[K/home/addienze/MagangBanyubramanta/joystick/control/src/joy_output.cpp:12:33:[m[K [01;31m[Kerror: [m[K‘[01m[Kigeometry_msgs[m[K’ does not name a type
   12 |     void cmd_vel_callback(const [01;31m[Kigeometry_msgs[m[K::msg::Twist::SharedPtr msg) {
      |                                 [01;31m[K^~~~~~~~~~~~~~[m[K
[01m[K/home/addienze/MagangBanyubramanta/joystick/control/src/joy_output.cpp:12:52:[m[K [01;31m[Kerror: [m[Kexpected unqualified-id before ‘[01m[K::[m[K’ token
   12 |     void cmd_vel_callback(const igeometry_msgs::msg[01;31m[K::[m[KTwist::SharedPtr msg) {
      |                                                    [01;31m[K^~[m[K
[01m[K/home/addienze/MagangBanyubramanta/joystick/control/src/joy_output.cpp:12:52:[m[K [01;31m[Kerror: [m[Kexpected ‘[01m[K)[m[K’ before ‘[01m[K::[m[K’ token
   12 |     void cmd_vel_callback[34m[K([m[Kconst igeometry_msgs::msg[01;31m[K:[m[K[32m[K:[m[KTwist::SharedPtr msg) {
      |                          [34m[K~[m[K                         [01;31m[K^[m[K[32m[K~[m[K
      |                                                    [32m[K)[m[K
[01m[K/home/addienze/MagangBanyubramanta/joystick/control/src/joy_output.cpp:12:49:[m[K [01;31m[Kerror: [m[Kexpected ‘[01m[K;[m[K’ at end of member declaration
   12 |     void cmd_vel_callback(const igeometry_msgs::[01;31m[Kmsg[m[K::Twist::SharedPtr msg) {
      |                                                 [01;31m[K^~~[m[K
      |                                                    [32m[K;[m[K
[01m[K/home/addienze/MagangBanyubramanta/joystick/control/src/joy_output.cpp:12:54:[m[K [01;31m[Kerror: [m[K‘[01m[KTwist[m[K’ in namespace ‘[01m[K::[m[K’ does not name a type
   12 |     void cmd_vel_callback(const igeometry_msgs::msg::[01;31m[KTwist[m[K::SharedPtr msg) {
      |                                                      [01;31m[K^~~~~[m[K
[01m[K/home/addienze/MagangBanyubramanta/joystick/control/src/joy_output.cpp:[m[K In constructor ‘[01m[KJoystickOutput::JoystickOutput()[m[K’:
[01m[K/home/addienze/MagangBanyubramanta/joystick/control/src/joy_output.cpp:7:86:[m[K [01;31m[Kerror: [m[K‘[01m[KCommand[m[K’ is not a member of ‘[01m[Kgeometry_msgs::msg::Twist[m[K’ {aka ‘[01m[Kgeometry_msgs::msg::Twist_<std::allocator<void> >[m[K’}
    7 |         cmd_vel_subscription_ = this->create_subscription<geometry_msgs::msg::Twist::[01;31m[KCommand[m[K>(
      |                                                                                      [01;31m[K^~~~~~~[m[K
[01m[K/home/addienze/MagangBanyubramanta/joystick/control/src/joy_output.cpp:7:94:[m[K [01;31m[Kerror: [m[Kno matching function for call to ‘[01m[KJoystickOutput::create_subscription<<expression error> >(const char [9], int, std::_Bind_helper<false, void (JoystickOutput::*)(...), JoystickOutput*, const std::_Placeholder<1>&>::type)[m[K’
    7 |         cmd_vel_subscription_ = [01;31m[Kthis->create_subscription<geometry_msgs::msg::Twist::Command>([m[K
      |                                 [01;31m[K~~~~~~~~~~~~~~~~~~~~~~~~~~~~~~~~~~~~~~~~~~~~~~~~~~~~~~~~~~~~~^[m[K
    8 | [01;31m[K            "/cmd_vel", 10, std::bind(&JoystickOutput::cmd_vel_callback, this, std::placeholders::_1))[m[K;
      |             [01;31m[K~~~~~~~~~~~~~~~~~~~~~~~~~~~~~~~~~~~~~~~~~~~~~~~~~~~~~~~~~~~~~~~~~~~~~~~~~~~~~~~~~~~~~~~~~~[m[K
In file included from [01m[K/opt/ros/humble/include/rclcpp/rclcpp/executors/single_threaded_executor.hpp:28[m[K,
                 from [01m[K/opt/ros/humble/include/rclcpp/rclcpp/executors.hpp:22[m[K,
                 from [01m[K/opt/ros/humble/include/rclcpp/rclcpp/rclcpp.hpp:155[m[K,
                 from [01m[K/home/addienze/MagangBanyubramanta/joystick/control/src/joy_output.cpp:1[m[K:
[01m[K/opt/ros/humble/include/rclcpp/rclcpp/node.hpp:219:3:[m[K [01;36m[Knote: [m[Kcandidate: ‘[01m[Ktemplate<class MessageT, class CallbackT, class AllocatorT, class SubscriptionT, class MessageMemoryStrategyT> std::shared_ptr<ROSMessageT> rclcpp::Node::create_subscription(const string&, const rclcpp::QoS&, CallbackT&&, const rclcpp::SubscriptionOptionsWithAllocator<AllocatorT>&, typename MessageMemoryStrategyT::SharedPtr)[m[K’
  219 |   [01;36m[Kcreate_subscription[m[K(
      |   [01;36m[K^~~~~~~~~~~~~~~~~~~[m[K
[01m[K/opt/ros/humble/include/rclcpp/rclcpp/node.hpp:219:3:[m[K [01;36m[Knote: [m[K  template argument deduction/substitution failed:
[01m[K/home/addienze/MagangBanyubramanta/joystick/control/src/joy_output.cpp:7:94:[m[K [01;31m[Kerror: [m[Ktemplate argument 1 is invalid
    7 |         cmd_vel_subscription_ = [01;31m[Kthis->create_subscription<geometry_msgs::msg::Twist::Command>([m[K
      |                                 [01;31m[K~~~~~~~~~~~~~~~~~~~~~~~~~~~~~~~~~~~~~~~~~~~~~~~~~~~~~~~~~~~~~^[m[K
    8 | [01;31m[K            "/cmd_vel", 10, std::bind(&JoystickOutput::cmd_vel_callback, this, std::placeholders::_1))[m[K;
      |             [01;31m[K~~~~~~~~~~~~~~~~~~~~~~~~~~~~~~~~~~~~~~~~~~~~~~~~~~~~~~~~~~~~~~~~~~~~~~~~~~~~~~~~~~~~~~~~~~[m[K
gmake[2]: *** [CMakeFiles/joy_output.dir/build.make:76: CMakeFiles/joy_output.dir/src/joy_output.cpp.o] Error 1
gmake[1]: *** [CMakeFiles/Makefile2:165: CMakeFiles/joy_output.dir/all] Error 2
gmake: *** [Makefile:146: all] Error 2
