[0.007s] Invoking command in '/home/addienze/MagangBanyubramanta/joystick/control/build/control': CMAKE_PREFIX_PATH=/opt/ros/humble /usr/bin/cmake --build /home/addienze/MagangBanyubramanta/joystick/control/build/control -- -j12 -l12
[0.023s] -- Found ament_cmake: 1.3.10 (/opt/ros/humble/share/ament_cmake/cmake)
[0.098s] -- Found rclcpp: 16.0.10 (/opt/ros/humble/share/rclcpp/cmake)
[0.114s] -- Found rosidl_generator_c: 3.1.5 (/opt/ros/humble/share/rosidl_generator_c/cmake)
[0.115s] -- Found rosidl_adapter: 3.1.5 (/opt/ros/humble/share/rosidl_adapter/cmake)
[0.118s] -- Found rosidl_generator_cpp: 3.1.5 (/opt/ros/humble/share/rosidl_generator_cpp/cmake)
[0.124s] -- Using all available rosidl_typesupport_c: rosidl_typesupport_fastrtps_c;rosidl_typesupport_introspection_c
[0.130s] -- Using all available rosidl_typesupport_cpp: rosidl_typesupport_fastrtps_cpp;rosidl_typesupport_introspection_cpp
[0.148s] -- Found rmw_implementation_cmake: 6.1.2 (/opt/ros/humble/share/rmw_implementation_cmake/cmake)
[0.149s] -- Found rmw_fastrtps_cpp: 6.2.7 (/opt/ros/humble/share/rmw_fastrtps_cpp/cmake)
[0.213s] -- Using RMW implementation 'rmw_fastrtps_cpp' as default
[0.240s] -- Found geometry_msgs: 4.2.4 (/opt/ros/humble/share/geometry_msgs/cmake)
[0.249s] -- Found ament_lint_auto: 0.12.11 (/opt/ros/humble/share/ament_lint_auto/cmake)
[0.302s] -- Added test 'cppcheck' to perform static code analysis on C / C++ code
[0.302s] -- Configured cppcheck include dirs: 
[0.302s] -- Configured cppcheck exclude dirs and/or files: 
[0.303s] -- Added test 'flake8' to check Python code syntax and style conventions
[0.305s] -- Added test 'lint_cmake' to check CMake code style
[0.306s] -- Added test 'pep257' to check Python code against some of the docstring style conventions in PEP 257
[0.311s] -- Added test 'uncrustify' to check C / C++ code style
[0.312s] -- Configured uncrustify additional arguments: 
[0.313s] -- Added test 'xmllint' to check XML markup files
[0.313s] -- Configuring done
[0.323s] -- Generating done
[0.324s] -- Build files have been written to: /home/addienze/MagangBanyubramanta/joystick/control/build/control
[0.343s] [35m[1mConsolidate compiler generated dependencies of target joy_output[0m
[0.343s] [35m[1mConsolidate compiler generated dependencies of target joy_input[0m
[0.354s] [ 25%] [32mBuilding CXX object CMakeFiles/joy_input.dir/src/joy_input.cpp.o[0m
[0.355s] [ 50%] [32mBuilding CXX object CMakeFiles/joy_output.dir/src/joy_output.cpp.o[0m
[0.466s] [01m[K/home/addienze/MagangBanyubramanta/joystick/control/src/joy_input.cpp:2:10:[m[K [01;31m[Kfatal error: [m[Ksensor_msgs/msg/joy.hpp: No such file or directory
[0.466s]     2 | #include [01;31m[K"sensor_msgs/msg/joy.hpp"[m[K
[0.466s]       |          [01;31m[K^~~~~~~~~~~~~~~~~~~~~~~~~[m[K
[0.466s] compilation terminated.
[0.467s] gmake[2]: *** [CMakeFiles/joy_input.dir/build.make:76: CMakeFiles/joy_input.dir/src/joy_input.cpp.o] Error 1
[0.468s] gmake[1]: *** [CMakeFiles/Makefile2:139: CMakeFiles/joy_input.dir/all] Error 2
[0.468s] gmake[1]: *** Waiting for unfinished jobs....
[1.632s] [01m[K/home/addienze/MagangBanyubramanta/joystick/control/src/joy_output.cpp:12:33:[m[K [01;31m[Kerror: [m[K‘[01m[Kigeometry_msgs[m[K’ does not name a type
[1.632s]    12 |     void cmd_vel_callback(const [01;31m[Kigeometry_msgs[m[K::msg::Twist::SharedPtr msg) {
[1.632s]       |                                 [01;31m[K^~~~~~~~~~~~~~[m[K
[1.632s] [01m[K/home/addienze/MagangBanyubramanta/joystick/control/src/joy_output.cpp:12:52:[m[K [01;31m[Kerror: [m[Kexpected unqualified-id before ‘[01m[K::[m[K’ token
[1.632s]    12 |     void cmd_vel_callback(const igeometry_msgs::msg[01;31m[K::[m[KTwist::SharedPtr msg) {
[1.632s]       |                                                    [01;31m[K^~[m[K
[1.632s] [01m[K/home/addienze/MagangBanyubramanta/joystick/control/src/joy_output.cpp:12:52:[m[K [01;31m[Kerror: [m[Kexpected ‘[01m[K)[m[K’ before ‘[01m[K::[m[K’ token
[1.632s]    12 |     void cmd_vel_callback[34m[K([m[Kconst igeometry_msgs::msg[01;31m[K:[m[K[32m[K:[m[KTwist::SharedPtr msg) {
[1.632s]       |                          [34m[K~[m[K                         [01;31m[K^[m[K[32m[K~[m[K
[1.632s]       |                                                    [32m[K)[m[K
[1.632s] [01m[K/home/addienze/MagangBanyubramanta/joystick/control/src/joy_output.cpp:12:49:[m[K [01;31m[Kerror: [m[Kexpected ‘[01m[K;[m[K’ at end of member declaration
[1.632s]    12 |     void cmd_vel_callback(const igeometry_msgs::[01;31m[Kmsg[m[K::Twist::SharedPtr msg) {
[1.632s]       |                                                 [01;31m[K^~~[m[K
[1.632s]       |                                                    [32m[K;[m[K
[1.633s] [01m[K/home/addienze/MagangBanyubramanta/joystick/control/src/joy_output.cpp:12:54:[m[K [01;31m[Kerror: [m[K‘[01m[KTwist[m[K’ in namespace ‘[01m[K::[m[K’ does not name a type
[1.633s]    12 |     void cmd_vel_callback(const igeometry_msgs::msg::[01;31m[KTwist[m[K::SharedPtr msg) {
[1.633s]       |                                                      [01;31m[K^~~~~[m[K
[1.655s] [01m[K/home/addienze/MagangBanyubramanta/joystick/control/src/joy_output.cpp:[m[K In constructor ‘[01m[KJoystickOutput::JoystickOutput()[m[K’:
[1.655s] [01m[K/home/addienze/MagangBanyubramanta/joystick/control/src/joy_output.cpp:7:86:[m[K [01;31m[Kerror: [m[K‘[01m[KCommand[m[K’ is not a member of ‘[01m[Kgeometry_msgs::msg::Twist[m[K’ {aka ‘[01m[Kgeometry_msgs::msg::Twist_<std::allocator<void> >[m[K’}
[1.655s]     7 |         cmd_vel_subscription_ = this->create_subscription<geometry_msgs::msg::Twist::[01;31m[KCommand[m[K>(
[1.655s]       |                                                                                      [01;31m[K^~~~~~~[m[K
[1.658s] [01m[K/home/addienze/MagangBanyubramanta/joystick/control/src/joy_output.cpp:7:94:[m[K [01;31m[Kerror: [m[Kno matching function for call to ‘[01m[KJoystickOutput::create_subscription<<expression error> >(const char [9], int, std::_Bind_helper<false, void (JoystickOutput::*)(...), JoystickOutput*, const std::_Placeholder<1>&>::type)[m[K’
[1.658s]     7 |         cmd_vel_subscription_ = [01;31m[Kthis->create_subscription<geometry_msgs::msg::Twist::Command>([m[K
[1.658s]       |                                 [01;31m[K~~~~~~~~~~~~~~~~~~~~~~~~~~~~~~~~~~~~~~~~~~~~~~~~~~~~~~~~~~~~~^[m[K
[1.658s]     8 | [01;31m[K            "/cmd_vel", 10, std::bind(&JoystickOutput::cmd_vel_callback, this, std::placeholders::_1))[m[K;
[1.658s]       |             [01;31m[K~~~~~~~~~~~~~~~~~~~~~~~~~~~~~~~~~~~~~~~~~~~~~~~~~~~~~~~~~~~~~~~~~~~~~~~~~~~~~~~~~~~~~~~~~~[m[K
[1.658s] In file included from [01m[K/opt/ros/humble/include/rclcpp/rclcpp/executors/single_threaded_executor.hpp:28[m[K,
[1.658s]                  from [01m[K/opt/ros/humble/include/rclcpp/rclcpp/executors.hpp:22[m[K,
[1.658s]                  from [01m[K/opt/ros/humble/include/rclcpp/rclcpp/rclcpp.hpp:155[m[K,
[1.658s]                  from [01m[K/home/addienze/MagangBanyubramanta/joystick/control/src/joy_output.cpp:1[m[K:
[1.658s] [01m[K/opt/ros/humble/include/rclcpp/rclcpp/node.hpp:219:3:[m[K [01;36m[Knote: [m[Kcandidate: ‘[01m[Ktemplate<class MessageT, class CallbackT, class AllocatorT, class SubscriptionT, class MessageMemoryStrategyT> std::shared_ptr<ROSMessageT> rclcpp::Node::create_subscription(const string&, const rclcpp::QoS&, CallbackT&&, const rclcpp::SubscriptionOptionsWithAllocator<AllocatorT>&, typename MessageMemoryStrategyT::SharedPtr)[m[K’
[1.658s]   219 |   [01;36m[Kcreate_subscription[m[K(
[1.658s]       |   [01;36m[K^~~~~~~~~~~~~~~~~~~[m[K
[1.658s] [01m[K/opt/ros/humble/include/rclcpp/rclcpp/node.hpp:219:3:[m[K [01;36m[Knote: [m[K  template argument deduction/substitution failed:
[1.659s] [01m[K/home/addienze/MagangBanyubramanta/joystick/control/src/joy_output.cpp:7:94:[m[K [01;31m[Kerror: [m[Ktemplate argument 1 is invalid
[1.659s]     7 |         cmd_vel_subscription_ = [01;31m[Kthis->create_subscription<geometry_msgs::msg::Twist::Command>([m[K
[1.659s]       |                                 [01;31m[K~~~~~~~~~~~~~~~~~~~~~~~~~~~~~~~~~~~~~~~~~~~~~~~~~~~~~~~~~~~~~^[m[K
[1.659s]     8 | [01;31m[K            "/cmd_vel", 10, std::bind(&JoystickOutput::cmd_vel_callback, this, std::placeholders::_1))[m[K;
[1.659s]       |             [01;31m[K~~~~~~~~~~~~~~~~~~~~~~~~~~~~~~~~~~~~~~~~~~~~~~~~~~~~~~~~~~~~~~~~~~~~~~~~~~~~~~~~~~~~~~~~~~[m[K
[1.908s] gmake[2]: *** [CMakeFiles/joy_output.dir/build.make:76: CMakeFiles/joy_output.dir/src/joy_output.cpp.o] Error 1
[1.908s] gmake[1]: *** [CMakeFiles/Makefile2:165: CMakeFiles/joy_output.dir/all] Error 2
[1.909s] gmake: *** [Makefile:146: all] Error 2
[1.911s] Invoked command in '/home/addienze/MagangBanyubramanta/joystick/control/build/control' returned '2': CMAKE_PREFIX_PATH=/opt/ros/humble /usr/bin/cmake --build /home/addienze/MagangBanyubramanta/joystick/control/build/control -- -j12 -l12
