[0.008s] Invoking command in '/home/addienze/MagangBanyubramanta/Main/vision/build/vision': CMAKE_PREFIX_PATH=/opt/ros/humble /usr/bin/cmake /home/addienze/MagangBanyubramanta/Main/vision -DCMAKE_INSTALL_PREFIX=/home/addienze/MagangBanyubramanta/Main/vision/install/vision
[0.019s] -- Found ament_cmake: 1.3.10 (/opt/ros/humble/share/ament_cmake/cmake)
[0.105s] -- Found rclcpp: 16.0.10 (/opt/ros/humble/share/rclcpp/cmake)
[0.123s] -- Found rosidl_generator_c: 3.1.5 (/opt/ros/humble/share/rosidl_generator_c/cmake)
[0.124s] -- Found rosidl_adapter: 3.1.5 (/opt/ros/humble/share/rosidl_adapter/cmake)
[0.129s] -- Found rosidl_generator_cpp: 3.1.5 (/opt/ros/humble/share/rosidl_generator_cpp/cmake)
[0.135s] -- Using all available rosidl_typesupport_c: rosidl_typesupport_fastrtps_c;rosidl_typesupport_introspection_c
[0.143s] -- Using all available rosidl_typesupport_cpp: rosidl_typesupport_fastrtps_cpp;rosidl_typesupport_introspection_cpp
[0.164s] -- Found rmw_implementation_cmake: 6.1.2 (/opt/ros/humble/share/rmw_implementation_cmake/cmake)
[0.165s] -- Found rmw_fastrtps_cpp: 6.2.7 (/opt/ros/humble/share/rmw_fastrtps_cpp/cmake)
[0.231s] -- Using RMW implementation 'rmw_fastrtps_cpp' as default
[0.261s] -- Found sensor_msgs: 4.2.4 (/opt/ros/humble/share/sensor_msgs/cmake)
[0.288s] -- Found cv_bridge: 3.2.1 (/opt/ros/humble/share/cv_bridge/cmake)
[0.297s] -- Found OpenCV: /usr (found version "4.5.4") 
[0.299s] -- Found ament_lint_auto: 0.12.11 (/opt/ros/humble/share/ament_lint_auto/cmake)
[0.353s] -- Added test 'cppcheck' to perform static code analysis on C / C++ code
[0.353s] -- Configured cppcheck include dirs: /home/addienze/MagangBanyubramanta/Main/vision/include
[0.354s] -- Configured cppcheck exclude dirs and/or files: 
[0.354s] -- Added test 'flake8' to check Python code syntax and style conventions
[0.356s] -- Added test 'lint_cmake' to check CMake code style
[0.356s] -- Added test 'pep257' to check Python code against some of the docstring style conventions in PEP 257
[0.359s] -- Added test 'uncrustify' to check C / C++ code style
[0.359s] -- Configured uncrustify additional arguments: 
[0.360s] -- Added test 'xmllint' to check XML markup files
[0.361s] -- Configuring done
[0.370s] -- Generating done
[0.371s] -- Build files have been written to: /home/addienze/MagangBanyubramanta/Main/vision/build/vision
[0.377s] Invoked command in '/home/addienze/MagangBanyubramanta/Main/vision/build/vision' returned '0': CMAKE_PREFIX_PATH=/opt/ros/humble /usr/bin/cmake /home/addienze/MagangBanyubramanta/Main/vision -DCMAKE_INSTALL_PREFIX=/home/addienze/MagangBanyubramanta/Main/vision/install/vision
[0.378s] Invoking command in '/home/addienze/MagangBanyubramanta/Main/vision/build/vision': CMAKE_PREFIX_PATH=/opt/ros/humble /usr/bin/cmake --build /home/addienze/MagangBanyubramanta/Main/vision/build/vision -- -j12 -l12
[0.414s] [ 50%] [32mBuilding CXX object CMakeFiles/videoup.dir/src/videoup.cpp.o[0m
[2.241s] [01m[K/home/addienze/MagangBanyubramanta/Main/vision/src/videoup.cpp:[m[K In member function ‘[01m[Kvoid ImagePublisher::timer_callback()[m[K’:
[2.241s] [01m[K/home/addienze/MagangBanyubramanta/Main/vision/src/videoup.cpp:54:82:[m[K [01;31m[Kerror: [m[K‘[01m[Kbronyaimg[m[K’ was not declared in this scope
[2.241s]    54 | e_msg = cv_bridge::CvImage(std_msgs::msg::Header(), "bgr8", [01;31m[Kbronyaimg[m[K).toImageMsg();
[2.241s]       |                                                             [01;31m[K^~~~~~~~~[m[K
[2.241s] 
[3.211s] gmake[2]: *** [CMakeFiles/videoup.dir/build.make:76: CMakeFiles/videoup.dir/src/videoup.cpp.o] Error 1
[3.211s] gmake[1]: *** [CMakeFiles/Makefile2:137: CMakeFiles/videoup.dir/all] Error 2
[3.211s] gmake: *** [Makefile:146: all] Error 2
[3.213s] Invoked command in '/home/addienze/MagangBanyubramanta/Main/vision/build/vision' returned '2': CMAKE_PREFIX_PATH=/opt/ros/humble /usr/bin/cmake --build /home/addienze/MagangBanyubramanta/Main/vision/build/vision -- -j12 -l12
