[0.006s] Invoking command in '/home/addienze/MagangBanyubramanta/joystick/control/build/control': CMAKE_PREFIX_PATH=/opt/ros/humble /usr/bin/cmake --build /home/addienze/MagangBanyubramanta/joystick/control/build/control -- -j12 -l12
[0.022s] -- Found ament_cmake: 1.3.10 (/opt/ros/humble/share/ament_cmake/cmake)
[0.098s] -- Found rclcpp: 16.0.10 (/opt/ros/humble/share/rclcpp/cmake)
[0.116s] -- Found rosidl_generator_c: 3.1.5 (/opt/ros/humble/share/rosidl_generator_c/cmake)
[0.119s] -- Found rosidl_adapter: 3.1.5 (/opt/ros/humble/share/rosidl_adapter/cmake)
[0.123s] -- Found rosidl_generator_cpp: 3.1.5 (/opt/ros/humble/share/rosidl_generator_cpp/cmake)
[0.129s] -- Using all available rosidl_typesupport_c: rosidl_typesupport_fastrtps_c;rosidl_typesupport_introspection_c
[0.136s] -- Using all available rosidl_typesupport_cpp: rosidl_typesupport_fastrtps_cpp;rosidl_typesupport_introspection_cpp
[0.153s] -- Found rmw_implementation_cmake: 6.1.2 (/opt/ros/humble/share/rmw_implementation_cmake/cmake)
[0.154s] -- Found rmw_fastrtps_cpp: 6.2.7 (/opt/ros/humble/share/rmw_fastrtps_cpp/cmake)
[0.215s] -- Using RMW implementation 'rmw_fastrtps_cpp' as default
[0.242s] -- Found geometry_msgs: 4.2.4 (/opt/ros/humble/share/geometry_msgs/cmake)
[0.249s] -- Configuring incomplete, errors occurred!
[0.249s] See also "/home/addienze/MagangBanyubramanta/joystick/control/build/control/CMakeFiles/CMakeOutput.log".
[0.250s] [31mCMake Error at /opt/ros/humble/share/ament_cmake_target_dependencies/cmake/ament_target_dependencies.cmake:77 (message):
[0.250s]   ament_target_dependencies() the passed package name 'sensor_msgs' was not
[0.250s]   found before
[0.250s] Call Stack (most recent call first):
[0.250s]   CMakeLists.txt:15 (ament_target_dependencies)
[0.250s] 
[0.250s] [0m
[0.253s] gmake: *** [Makefile:308: cmake_check_build_system] Error 1
[0.255s] Invoked command in '/home/addienze/MagangBanyubramanta/joystick/control/build/control' returned '2': CMAKE_PREFIX_PATH=/opt/ros/humble /usr/bin/cmake --build /home/addienze/MagangBanyubramanta/joystick/control/build/control -- -j12 -l12
