[0.006s] Invoking command in '/home/addienze/MagangBanyubramanta/joystick/control/build/control': CMAKE_PREFIX_PATH=/opt/ros/humble /usr/bin/cmake --build /home/addienze/MagangBanyubramanta/joystick/control/build/control -- -j12 -l12
[0.036s] [35m[1mConsolidate compiler generated dependencies of target joy_input[0m
[0.037s] [35m[1mConsolidate compiler generated dependencies of target joy_output[0m
[0.048s] [ 25%] [32mBuilding CXX object CMakeFiles/joy_output.dir/src/joy_output.cpp.o[0m
[0.048s] [ 50%] [32mBuilding CXX object CMakeFiles/joy_input.dir/src/joy_input.cpp.o[0m
[1.416s] [01m[K/home/addienze/MagangBanyubramanta/joystick/control/src/joy_output.cpp:[m[K In constructor ‘[01m[KJoystickOutput::JoystickOutput()[m[K’:
[1.417s] [01m[K/home/addienze/MagangBanyubramanta/joystick/control/src/joy_output.cpp:7:86:[m[K [01;31m[Kerror: [m[K‘[01m[KCommand[m[K’ is not a member of ‘[01m[Kgeometry_msgs::msg::Twist[m[K’ {aka ‘[01m[Kgeometry_msgs::msg::Twist_<std::allocator<void> >[m[K’}
[1.417s]     7 |         cmd_vel_subscription_ = this->create_subscription<geometry_msgs::msg::Twist::[01;31m[KCommand[m[K>(
[1.417s]       |                                                                                      [01;31m[K^~~~~~~[m[K
[1.420s] [01m[K/home/addienze/MagangBanyubramanta/joystick/control/src/joy_output.cpp:7:94:[m[K [01;31m[Kerror: [m[Kno matching function for call to ‘[01m[KJoystickOutput::create_subscription<<expression error> >(const char [9], int, std::_Bind_helper<false, void (JoystickOutput::*)(std::shared_ptr<geometry_msgs::msg::Twist_<std::allocator<void> > >), JoystickOutput*, const std::_Placeholder<1>&>::type)[m[K’
[1.420s]     7 |         cmd_vel_subscription_ = [01;31m[Kthis->create_subscription<geometry_msgs::msg::Twist::Command>([m[K
[1.420s]       |                                 [01;31m[K~~~~~~~~~~~~~~~~~~~~~~~~~~~~~~~~~~~~~~~~~~~~~~~~~~~~~~~~~~~~~^[m[K
[1.420s]     8 | [01;31m[K            "/cmd_vel", 10, std::bind(&JoystickOutput::cmd_vel_callback, this, std::placeholders::_1))[m[K;
[1.420s]       |             [01;31m[K~~~~~~~~~~~~~~~~~~~~~~~~~~~~~~~~~~~~~~~~~~~~~~~~~~~~~~~~~~~~~~~~~~~~~~~~~~~~~~~~~~~~~~~~~~[m[K
[1.420s] In file included from [01m[K/opt/ros/humble/include/rclcpp/rclcpp/executors/single_threaded_executor.hpp:28[m[K,
[1.420s]                  from [01m[K/opt/ros/humble/include/rclcpp/rclcpp/executors.hpp:22[m[K,
[1.420s]                  from [01m[K/opt/ros/humble/include/rclcpp/rclcpp/rclcpp.hpp:155[m[K,
[1.420s]                  from [01m[K/home/addienze/MagangBanyubramanta/joystick/control/src/joy_output.cpp:1[m[K:
[1.420s] [01m[K/opt/ros/humble/include/rclcpp/rclcpp/node.hpp:219:3:[m[K [01;36m[Knote: [m[Kcandidate: ‘[01m[Ktemplate<class MessageT, class CallbackT, class AllocatorT, class SubscriptionT, class MessageMemoryStrategyT> std::shared_ptr<ROSMessageT> rclcpp::Node::create_subscription(const string&, const rclcpp::QoS&, CallbackT&&, const rclcpp::SubscriptionOptionsWithAllocator<AllocatorT>&, typename MessageMemoryStrategyT::SharedPtr)[m[K’
[1.420s]   219 |   [01;36m[Kcreate_subscription[m[K(
[1.420s]       |   [01;36m[K^~~~~~~~~~~~~~~~~~~[m[K
[1.421s] [01m[K/opt/ros/humble/include/rclcpp/rclcpp/node.hpp:219:3:[m[K [01;36m[Knote: [m[K  template argument deduction/substitution failed:
[1.421s] [01m[K/home/addienze/MagangBanyubramanta/joystick/control/src/joy_output.cpp:7:94:[m[K [01;31m[Kerror: [m[Ktemplate argument 1 is invalid
[1.421s]     7 |         cmd_vel_subscription_ = [01;31m[Kthis->create_subscription<geometry_msgs::msg::Twist::Command>([m[K
[1.421s]       |                                 [01;31m[K~~~~~~~~~~~~~~~~~~~~~~~~~~~~~~~~~~~~~~~~~~~~~~~~~~~~~~~~~~~~~^[m[K
[1.421s]     8 | [01;31m[K            "/cmd_vel", 10, std::bind(&JoystickOutput::cmd_vel_callback, this, std::placeholders::_1))[m[K;
[1.421s]       |             [01;31m[K~~~~~~~~~~~~~~~~~~~~~~~~~~~~~~~~~~~~~~~~~~~~~~~~~~~~~~~~~~~~~~~~~~~~~~~~~~~~~~~~~~~~~~~~~~[m[K
[1.422s] In file included from [01m[K/opt/ros/humble/include/rclcpp/rclcpp/logging.hpp:24[m[K,
[1.422s]                  from [01m[K/opt/ros/humble/include/rclcpp/rclcpp/client.hpp:40[m[K,
[1.422s]                  from [01m[K/opt/ros/humble/include/rclcpp/rclcpp/callback_group.hpp:24[m[K,
[1.422s]                  from [01m[K/opt/ros/humble/include/rclcpp/rclcpp/any_executable.hpp:20[m[K,
[1.422s]                  from [01m[K/opt/ros/humble/include/rclcpp/rclcpp/memory_strategy.hpp:25[m[K,
[1.422s]                  from [01m[K/opt/ros/humble/include/rclcpp/rclcpp/memory_strategies.hpp:18[m[K,
[1.422s]                  from [01m[K/opt/ros/humble/include/rclcpp/rclcpp/executor_options.hpp:20[m[K,
[1.422s]                  from [01m[K/opt/ros/humble/include/rclcpp/rclcpp/executor.hpp:37[m[K,
[1.422s]                  from [01m[K/opt/ros/humble/include/rclcpp/rclcpp/executors/multi_threaded_executor.hpp:25[m[K,
[1.422s]                  from [01m[K/opt/ros/humble/include/rclcpp/rclcpp/executors.hpp:21[m[K,
[1.422s]                  from [01m[K/opt/ros/humble/include/rclcpp/rclcpp/rclcpp.hpp:155[m[K,
[1.422s]                  from [01m[K/home/addienze/MagangBanyubramanta/joystick/control/src/joy_output.cpp:1[m[K:
[1.423s] [01m[K/home/addienze/MagangBanyubramanta/joystick/control/src/joy_output.cpp:[m[K In member function ‘[01m[Kvoid JoystickOutput::cmd_vel_callback(geometry_msgs::msg::Twist_<std::allocator<void> >::SharedPtr)[m[K’:
[1.423s] [01m[K/home/addienze/MagangBanyubramanta/joystick/control/src/joy_output.cpp:14:26:[m[K [01;31m[Kerror: [m[K‘[01m[Kusing element_type = struct geometry_msgs::msg::Twist_<std::allocator<void> >[m[K’ {aka ‘[01m[Kstruct geometry_msgs::msg::Twist_<std::allocator<void> >[m[K’} has no member named ‘[01m[Kx[m[K’
[1.423s]    14 |                     msg->[01;31m[Kx[m[K, msg->y, msg->yaw, msg->depth);
[1.423s]       |                          [01;31m[K^[m[K
[1.423s] [01m[K/home/addienze/MagangBanyubramanta/joystick/control/src/joy_output.cpp:14:34:[m[K [01;31m[Kerror: [m[K‘[01m[Kusing element_type = struct geometry_msgs::msg::Twist_<std::allocator<void> >[m[K’ {aka ‘[01m[Kstruct geometry_msgs::msg::Twist_<std::allocator<void> >[m[K’} has no member named ‘[01m[Ky[m[K’
[1.423s]    14 |                     msg->x, msg->[01;31m[Ky[m[K, msg->yaw, msg->depth);
[1.423s]       |                                  [01;31m[K^[m[K
[1.423s] [01m[K/home/addienze/MagangBanyubramanta/joystick/control/src/joy_output.cpp:14:42:[m[K [01;31m[Kerror: [m[K‘[01m[Kusing element_type = struct geometry_msgs::msg::Twist_<std::allocator<void> >[m[K’ {aka ‘[01m[Kstruct geometry_msgs::msg::Twist_<std::allocator<void> >[m[K’} has no member named ‘[01m[Kyaw[m[K’
[1.423s]    14 |                     msg->x, msg->y, msg->[01;31m[Kyaw[m[K, msg->depth);
[1.423s]       |                                          [01;31m[K^~~[m[K
[1.423s] [01m[K/home/addienze/MagangBanyubramanta/joystick/control/src/joy_output.cpp:14:52:[m[K [01;31m[Kerror: [m[K‘[01m[Kusing element_type = struct geometry_msgs::msg::Twist_<std::allocator<void> >[m[K’ {aka ‘[01m[Kstruct geometry_msgs::msg::Twist_<std::allocator<void> >[m[K’} has no member named ‘[01m[Kdepth[m[K’
[1.423s]    14 |                     msg->x, msg->y, msg->yaw, msg->[01;31m[Kdepth[m[K);
[1.423s]       |                                                    [01;31m[K^~~~~[m[K
[1.455s] [01m[K/home/addienze/MagangBanyubramanta/joystick/control/src/joy_input.cpp:[m[K In member function ‘[01m[Kvoid JoystickInput::joy(sensor_msgs::msg::Joy_<std::allocator<void> >::SharedPtr)[m[K’:
[1.455s] [01m[K/home/addienze/MagangBanyubramanta/joystick/control/src/joy_input.cpp:35:9:[m[K [01;31m[Kerror: [m[K‘[01m[Ktwsit_msg[m[K’ was not declared in this scope; did you mean ‘[01m[Ktwist_msg[m[K’?
[1.455s]    35 |         [01;31m[Ktwsit_msg[m[K.linear.y = y_cmd;
[1.455s]       |         [01;31m[K^~~~~~~~~[m[K
[1.455s]       |         [32m[Ktwist_msg[m[K
[1.686s] gmake[2]: *** [CMakeFiles/joy_output.dir/build.make:76: CMakeFiles/joy_output.dir/src/joy_output.cpp.o] Error 1
[1.687s] gmake[1]: *** [CMakeFiles/Makefile2:165: CMakeFiles/joy_output.dir/all] Error 2
[1.687s] gmake[1]: *** Waiting for unfinished jobs....
[2.893s] gmake[2]: *** [CMakeFiles/joy_input.dir/build.make:76: CMakeFiles/joy_input.dir/src/joy_input.cpp.o] Error 1
[2.893s] gmake[1]: *** [CMakeFiles/Makefile2:139: CMakeFiles/joy_input.dir/all] Error 2
[2.893s] gmake: *** [Makefile:146: all] Error 2
[2.895s] Invoked command in '/home/addienze/MagangBanyubramanta/joystick/control/build/control' returned '2': CMAKE_PREFIX_PATH=/opt/ros/humble /usr/bin/cmake --build /home/addienze/MagangBanyubramanta/joystick/control/build/control -- -j12 -l12
