[0.011s] Invoking command in '/home/addienze/MagangBanyubramanta/Main/cek/spacecheck/build/spacecheck': /usr/bin/cmake --build /home/addienze/MagangBanyubramanta/Main/cek/spacecheck/build/spacecheck -- -j12 -l12
[0.056s] [35m[1mConsolidate compiler generated dependencies of target Spacebar[0m
[0.071s] [ 50%] [32mBuilding CXX object CMakeFiles/Spacebar.dir/src/Spacebar.cpp.o[0m
[1.322s] [100%] [32m[1mLinking CXX executable Spacebar[0m
[1.440s] [100%] Built target Spacebar
[1.453s] Invoked command in '/home/addienze/MagangBanyubramanta/Main/cek/spacecheck/build/spacecheck' returned '0': /usr/bin/cmake --build /home/addienze/MagangBanyubramanta/Main/cek/spacecheck/build/spacecheck -- -j12 -l12
[1.491s] Invoking command in '/home/addienze/MagangBanyubramanta/Main/cek/spacecheck/build/spacecheck': /usr/bin/cmake --install /home/addienze/MagangBanyubramanta/Main/cek/spacecheck/build/spacecheck
[1.499s] -- Install configuration: ""
[1.499s] -- Installing: /home/addienze/MagangBanyubramanta/Main/cek/spacecheck/install/spacecheck/lib/spacecheck/Spacebar
[1.500s] -- Set runtime path of "/home/addienze/MagangBanyubramanta/Main/cek/spacecheck/install/spacecheck/lib/spacecheck/Spacebar" to ""
[1.501s] -- Up-to-date: /home/addienze/MagangBanyubramanta/Main/cek/spacecheck/install/spacecheck/share/ament_index/resource_index/package_run_dependencies/spacecheck
[1.501s] -- Up-to-date: /home/addienze/MagangBanyubramanta/Main/cek/spacecheck/install/spacecheck/share/ament_index/resource_index/parent_prefix_path/spacecheck
[1.502s] -- Up-to-date: /home/addienze/MagangBanyubramanta/Main/cek/spacecheck/install/spacecheck/share/spacecheck/environment/ament_prefix_path.sh
[1.502s] -- Up-to-date: /home/addienze/MagangBanyubramanta/Main/cek/spacecheck/install/spacecheck/share/spacecheck/environment/ament_prefix_path.dsv
[1.502s] -- Up-to-date: /home/addienze/MagangBanyubramanta/Main/cek/spacecheck/install/spacecheck/share/spacecheck/environment/path.sh
[1.502s] -- Up-to-date: /home/addienze/MagangBanyubramanta/Main/cek/spacecheck/install/spacecheck/share/spacecheck/environment/path.dsv
[1.502s] -- Up-to-date: /home/addienze/MagangBanyubramanta/Main/cek/spacecheck/install/spacecheck/share/spacecheck/local_setup.bash
[1.502s] -- Up-to-date: /home/addienze/MagangBanyubramanta/Main/cek/spacecheck/install/spacecheck/share/spacecheck/local_setup.sh
[1.503s] -- Up-to-date: /home/addienze/MagangBanyubramanta/Main/cek/spacecheck/install/spacecheck/share/spacecheck/local_setup.zsh
[1.503s] -- Up-to-date: /home/addienze/MagangBanyubramanta/Main/cek/spacecheck/install/spacecheck/share/spacecheck/local_setup.dsv
[1.503s] -- Installing: /home/addienze/MagangBanyubramanta/Main/cek/spacecheck/install/spacecheck/share/spacecheck/package.dsv
[1.503s] -- Up-to-date: /home/addienze/MagangBanyubramanta/Main/cek/spacecheck/install/spacecheck/share/ament_index/resource_index/packages/spacecheck
[1.503s] -- Up-to-date: /home/addienze/MagangBanyubramanta/Main/cek/spacecheck/install/spacecheck/share/spacecheck/cmake/spacecheckConfig.cmake
[1.503s] -- Up-to-date: /home/addienze/MagangBanyubramanta/Main/cek/spacecheck/install/spacecheck/share/spacecheck/cmake/spacecheckConfig-version.cmake
[1.503s] -- Up-to-date: /home/addienze/MagangBanyubramanta/Main/cek/spacecheck/install/spacecheck/share/spacecheck/package.xml
[1.504s] Invoked command in '/home/addienze/MagangBanyubramanta/Main/cek/spacecheck/build/spacecheck' returned '0': /usr/bin/cmake --install /home/addienze/MagangBanyubramanta/Main/cek/spacecheck/build/spacecheck
