[35m[1mConsolidate compiler generated dependencies of target videoup[0m
[ 50%] [32mBuilding CXX object CMakeFiles/videoup.dir/src/videoup.cpp.o[0m
[100%] [32m[1mLinking CXX executable videoup[0m
[100%] Built target videoup
-- Install configuration: ""
-- Installing: /home/addienze/MagangBanyubramanta/Main/vision/install/vision/lib/vision/videoup
-- Set runtime path of "/home/addienze/MagangBanyubramanta/Main/vision/install/vision/lib/vision/videoup" to ""
-- Installing: /home/addienze/MagangBanyubramanta/Main/vision/install/vision/share/ament_index/resource_index/package_run_dependencies/vision
-- Installing: /home/addienze/MagangBanyubramanta/Main/vision/install/vision/share/ament_index/resource_index/parent_prefix_path/vision
-- Installing: /home/addienze/MagangBanyubramanta/Main/vision/install/vision/share/vision/environment/ament_prefix_path.sh
-- Installing: /home/addienze/MagangBanyubramanta/Main/vision/install/vision/share/vision/environment/ament_prefix_path.dsv
-- Installing: /home/addienze/MagangBanyubramanta/Main/vision/install/vision/share/vision/environment/path.sh
-- Installing: /home/addienze/MagangBanyubramanta/Main/vision/install/vision/share/vision/environment/path.dsv
-- Installing: /home/addienze/MagangBanyubramanta/Main/vision/install/vision/share/vision/local_setup.bash
-- Installing: /home/addienze/MagangBanyubramanta/Main/vision/install/vision/share/vision/local_setup.sh
-- Installing: /home/addienze/MagangBanyubramanta/Main/vision/install/vision/share/vision/local_setup.zsh
-- Installing: /home/addienze/MagangBanyubramanta/Main/vision/install/vision/share/vision/local_setup.dsv
-- Installing: /home/addienze/MagangBanyubramanta/Main/vision/install/vision/share/vision/package.dsv
-- Installing: /home/addienze/MagangBanyubramanta/Main/vision/install/vision/share/ament_index/resource_index/packages/vision
-- Installing: /home/addienze/MagangBanyubramanta/Main/vision/install/vision/share/vision/cmake/visionConfig.cmake
-- Installing: /home/addienze/MagangBanyubramanta/Main/vision/install/vision/share/vision/cmake/visionConfig-version.cmake
-- Installing: /home/addienze/MagangBanyubramanta/Main/vision/install/vision/share/vision/package.xml
