[0.011s] Invoking command in '/home/addienze/MagangBanyubramanta/Main/vision/build/vision': CMAKE_PREFIX_PATH=/opt/ros/humble /usr/bin/cmake --build /home/addienze/MagangBanyubramanta/Main/vision/build/vision -- -j12 -l12
[0.043s] [35m[1mConsolidate compiler generated dependencies of target videoup[0m
[0.057s] [ 50%] [32mBuilding CXX object CMakeFiles/videoup.dir/src/videoup.cpp.o[0m
[3.906s] [100%] [32m[1mLinking CXX executable videoup[0m
[4.472s] [100%] Built target videoup
[4.482s] Invoked command in '/home/addienze/MagangBanyubramanta/Main/vision/build/vision' returned '0': CMAKE_PREFIX_PATH=/opt/ros/humble /usr/bin/cmake --build /home/addienze/MagangBanyubramanta/Main/vision/build/vision -- -j12 -l12
[4.512s] Invoking command in '/home/addienze/MagangBanyubramanta/Main/vision/build/vision': CMAKE_PREFIX_PATH=/opt/ros/humble /usr/bin/cmake --install /home/addienze/MagangBanyubramanta/Main/vision/build/vision
[4.519s] -- Install configuration: ""
[4.519s] -- Installing: /home/addienze/MagangBanyubramanta/Main/vision/install/vision/lib/vision/videoup
[4.520s] -- Set runtime path of "/home/addienze/MagangBanyubramanta/Main/vision/install/vision/lib/vision/videoup" to ""
[4.520s] -- Installing: /home/addienze/MagangBanyubramanta/Main/vision/install/vision/share/ament_index/resource_index/package_run_dependencies/vision
[4.520s] -- Installing: /home/addienze/MagangBanyubramanta/Main/vision/install/vision/share/ament_index/resource_index/parent_prefix_path/vision
[4.520s] -- Installing: /home/addienze/MagangBanyubramanta/Main/vision/install/vision/share/vision/environment/ament_prefix_path.sh
[4.520s] -- Installing: /home/addienze/MagangBanyubramanta/Main/vision/install/vision/share/vision/environment/ament_prefix_path.dsv
[4.520s] -- Installing: /home/addienze/MagangBanyubramanta/Main/vision/install/vision/share/vision/environment/path.sh
[4.521s] -- Installing: /home/addienze/MagangBanyubramanta/Main/vision/install/vision/share/vision/environment/path.dsv
[4.521s] -- Installing: /home/addienze/MagangBanyubramanta/Main/vision/install/vision/share/vision/local_setup.bash
[4.521s] -- Installing: /home/addienze/MagangBanyubramanta/Main/vision/install/vision/share/vision/local_setup.sh
[4.521s] -- Installing: /home/addienze/MagangBanyubramanta/Main/vision/install/vision/share/vision/local_setup.zsh
[4.521s] -- Installing: /home/addienze/MagangBanyubramanta/Main/vision/install/vision/share/vision/local_setup.dsv
[4.521s] -- Installing: /home/addienze/MagangBanyubramanta/Main/vision/install/vision/share/vision/package.dsv
[4.521s] -- Installing: /home/addienze/MagangBanyubramanta/Main/vision/install/vision/share/ament_index/resource_index/packages/vision
[4.521s] -- Installing: /home/addienze/MagangBanyubramanta/Main/vision/install/vision/share/vision/cmake/visionConfig.cmake
[4.521s] -- Installing: /home/addienze/MagangBanyubramanta/Main/vision/install/vision/share/vision/cmake/visionConfig-version.cmake
[4.521s] -- Installing: /home/addienze/MagangBanyubramanta/Main/vision/install/vision/share/vision/package.xml
[4.523s] Invoked command in '/home/addienze/MagangBanyubramanta/Main/vision/build/vision' returned '0': CMAKE_PREFIX_PATH=/opt/ros/humble /usr/bin/cmake --install /home/addienze/MagangBanyubramanta/Main/vision/build/vision
