[0.007s] Invoking command in '/home/addienze/MagangBanyubramanta/Main/vision/build/vision': CMAKE_PREFIX_PATH=/opt/ros/humble /usr/bin/cmake /home/addienze/MagangBanyubramanta/Main/vision -DCMAKE_INSTALL_PREFIX=/home/addienze/MagangBanyubramanta/Main/vision/install/vision
[0.017s] -- Found ament_cmake: 1.3.10 (/opt/ros/humble/share/ament_cmake/cmake)
[0.094s] -- Found rclcpp: 16.0.10 (/opt/ros/humble/share/rclcpp/cmake)
[0.110s] -- Found rosidl_generator_c: 3.1.5 (/opt/ros/humble/share/rosidl_generator_c/cmake)
[0.112s] -- Found rosidl_adapter: 3.1.5 (/opt/ros/humble/share/rosidl_adapter/cmake)
[0.117s] -- Found rosidl_generator_cpp: 3.1.5 (/opt/ros/humble/share/rosidl_generator_cpp/cmake)
[0.122s] -- Using all available rosidl_typesupport_c: rosidl_typesupport_fastrtps_c;rosidl_typesupport_introspection_c
[0.131s] -- Using all available rosidl_typesupport_cpp: rosidl_typesupport_fastrtps_cpp;rosidl_typesupport_introspection_cpp
[0.150s] -- Found rmw_implementation_cmake: 6.1.2 (/opt/ros/humble/share/rmw_implementation_cmake/cmake)
[0.151s] -- Found rmw_fastrtps_cpp: 6.2.7 (/opt/ros/humble/share/rmw_fastrtps_cpp/cmake)
[0.218s] -- Using RMW implementation 'rmw_fastrtps_cpp' as default
[0.253s] -- Configuring incomplete, errors occurred!
[0.253s] See also "/home/addienze/MagangBanyubramanta/Main/vision/build/vision/CMakeFiles/CMakeOutput.log".
[0.253s] [31mCMake Error at CMakeLists.txt:11 (find_package):
[0.253s]   By not providing "Findinterfaces.cmake" in CMAKE_MODULE_PATH this project
[0.253s]   has asked CMake to find a package configuration file provided by
[0.253s]   "interfaces", but CMake did not find one.
[0.253s] 
[0.253s]   Could not find a package configuration file provided by "interfaces" with
[0.253s]   any of the following names:
[0.253s] 
[0.253s]     interfacesConfig.cmake
[0.253s]     interfaces-config.cmake
[0.253s] 
[0.253s]   Add the installation prefix of "interfaces" to CMAKE_PREFIX_PATH or set
[0.253s]   "interfaces_DIR" to a directory containing one of the above files.  If
[0.253s]   "interfaces" provides a separate development package or SDK, be sure it has
[0.253s]   been installed.
[0.253s] 
[0.253s] [0m
[0.257s] Invoked command in '/home/addienze/MagangBanyubramanta/Main/vision/build/vision' returned '1': CMAKE_PREFIX_PATH=/opt/ros/humble /usr/bin/cmake /home/addienze/MagangBanyubramanta/Main/vision -DCMAKE_INSTALL_PREFIX=/home/addienze/MagangBanyubramanta/Main/vision/install/vision
