[0.010s] Invoking command in '/home/addienze/MagangBanyubramanta/Main/vision/build/vision': CMAKE_PREFIX_PATH=${CMAKE_PREFIX_PATH}:/opt/ros/humble /usr/bin/cmake --build /home/addienze/MagangBanyubramanta/Main/vision/build/vision -- -j12 -l12
[0.030s] -- Found ament_cmake: 1.3.10 (/opt/ros/humble/share/ament_cmake/cmake)
[0.128s] -- Found rclcpp: 16.0.10 (/opt/ros/humble/share/rclcpp/cmake)
[0.146s] -- Found rosidl_generator_c: 3.1.5 (/opt/ros/humble/share/rosidl_generator_c/cmake)
[0.148s] -- Found rosidl_adapter: 3.1.5 (/opt/ros/humble/share/rosidl_adapter/cmake)
[0.152s] -- Found rosidl_generator_cpp: 3.1.5 (/opt/ros/humble/share/rosidl_generator_cpp/cmake)
[0.159s] -- Using all available rosidl_typesupport_c: rosidl_typesupport_fastrtps_c;rosidl_typesupport_introspection_c
[0.168s] -- Using all available rosidl_typesupport_cpp: rosidl_typesupport_fastrtps_cpp;rosidl_typesupport_introspection_cpp
[0.189s] -- Found rmw_implementation_cmake: 6.1.2 (/opt/ros/humble/share/rmw_implementation_cmake/cmake)
[0.191s] -- Found rmw_fastrtps_cpp: 6.2.7 (/opt/ros/humble/share/rmw_fastrtps_cpp/cmake)
[0.262s] -- Using RMW implementation 'rmw_fastrtps_cpp' as default
[0.293s] -- Found sensor_msgs: 4.2.4 (/opt/ros/humble/share/sensor_msgs/cmake)
[0.313s] -- Found cv_bridge: 3.2.1 (/opt/ros/humble/share/cv_bridge/cmake)
[0.321s] -- Found ament_lint_auto: 0.12.11 (/opt/ros/humble/share/ament_lint_auto/cmake)
[0.374s] -- Added test 'cppcheck' to perform static code analysis on C / C++ code
[0.375s] -- Configured cppcheck include dirs: /home/addienze/MagangBanyubramanta/Main/vision/include
[0.375s] -- Configured cppcheck exclude dirs and/or files: 
[0.376s] -- Added test 'flake8' to check Python code syntax and style conventions
[0.377s] -- Added test 'lint_cmake' to check CMake code style
[0.378s] -- Added test 'pep257' to check Python code against some of the docstring style conventions in PEP 257
[0.382s] -- Added test 'uncrustify' to check C / C++ code style
[0.382s] -- Configured uncrustify additional arguments: 
[0.382s] -- Added test 'xmllint' to check XML markup files
[0.383s] -- Configuring done
[0.390s] -- Generating done
[0.392s] -- Build files have been written to: /home/addienze/MagangBanyubramanta/Main/vision/build/vision
[0.416s] [35m[1mConsolidate compiler generated dependencies of target videoup[0m
[0.432s] [ 50%] [32mBuilding CXX object CMakeFiles/videoup.dir/src/videoup.cpp.o[0m
[4.422s] [100%] [32m[1mLinking CXX executable videoup[0m
[4.903s] [100%] Built target videoup
[4.914s] Invoked command in '/home/addienze/MagangBanyubramanta/Main/vision/build/vision' returned '0': CMAKE_PREFIX_PATH=${CMAKE_PREFIX_PATH}:/opt/ros/humble /usr/bin/cmake --build /home/addienze/MagangBanyubramanta/Main/vision/build/vision -- -j12 -l12
[4.950s] Invoking command in '/home/addienze/MagangBanyubramanta/Main/vision/build/vision': CMAKE_PREFIX_PATH=${CMAKE_PREFIX_PATH}:/opt/ros/humble /usr/bin/cmake --install /home/addienze/MagangBanyubramanta/Main/vision/build/vision
[4.957s] -- Install configuration: ""
[4.957s] -- Installing: /home/addienze/MagangBanyubramanta/Main/vision/install/vision/lib/vision/videoup
[4.958s] -- Set runtime path of "/home/addienze/MagangBanyubramanta/Main/vision/install/vision/lib/vision/videoup" to ""
[4.958s] -- Up-to-date: /home/addienze/MagangBanyubramanta/Main/vision/install/vision/share/ament_index/resource_index/package_run_dependencies/vision
[4.958s] -- Installing: /home/addienze/MagangBanyubramanta/Main/vision/install/vision/share/ament_index/resource_index/parent_prefix_path/vision
[4.959s] -- Up-to-date: /home/addienze/MagangBanyubramanta/Main/vision/install/vision/share/vision/environment/ament_prefix_path.sh
[4.959s] -- Installing: /home/addienze/MagangBanyubramanta/Main/vision/install/vision/share/vision/environment/ament_prefix_path.dsv
[4.959s] -- Up-to-date: /home/addienze/MagangBanyubramanta/Main/vision/install/vision/share/vision/environment/path.sh
[4.959s] -- Installing: /home/addienze/MagangBanyubramanta/Main/vision/install/vision/share/vision/environment/path.dsv
[4.959s] -- Up-to-date: /home/addienze/MagangBanyubramanta/Main/vision/install/vision/share/vision/local_setup.bash
[4.959s] -- Up-to-date: /home/addienze/MagangBanyubramanta/Main/vision/install/vision/share/vision/local_setup.sh
[4.959s] -- Up-to-date: /home/addienze/MagangBanyubramanta/Main/vision/install/vision/share/vision/local_setup.zsh
[4.959s] -- Installing: /home/addienze/MagangBanyubramanta/Main/vision/install/vision/share/vision/local_setup.dsv
[4.959s] -- Installing: /home/addienze/MagangBanyubramanta/Main/vision/install/vision/share/vision/package.dsv
[4.959s] -- Up-to-date: /home/addienze/MagangBanyubramanta/Main/vision/install/vision/share/ament_index/resource_index/packages/vision
[4.959s] -- Up-to-date: /home/addienze/MagangBanyubramanta/Main/vision/install/vision/share/vision/cmake/visionConfig.cmake
[4.960s] -- Up-to-date: /home/addienze/MagangBanyubramanta/Main/vision/install/vision/share/vision/cmake/visionConfig-version.cmake
[4.960s] -- Installing: /home/addienze/MagangBanyubramanta/Main/vision/install/vision/share/vision/package.xml
[4.961s] Invoked command in '/home/addienze/MagangBanyubramanta/Main/vision/build/vision' returned '0': CMAKE_PREFIX_PATH=${CMAKE_PREFIX_PATH}:/opt/ros/humble /usr/bin/cmake --install /home/addienze/MagangBanyubramanta/Main/vision/build/vision
