[0.050s] DEBUG:colcon:Command line arguments: ['/usr/bin/colcon', 'build']
[0.050s] DEBUG:colcon:Parsed command line arguments: Namespace(log_base=None, log_level=None, verb_name='build', build_base='build', install_base='install', merge_install=False, symlink_install=False, test_result_base=None, continue_on_error=False, executor='parallel', parallel_workers=12, event_handlers=None, ignore_user_meta=False, metas=['./colcon.meta'], base_paths=['.'], packages_ignore=None, packages_ignore_regex=None, paths=None, packages_up_to=None, packages_up_to_regex=None, packages_above=None, packages_above_and_dependencies=None, packages_above_depth=None, packages_select_by_dep=None, packages_skip_by_dep=None, packages_skip_up_to=None, packages_select_build_failed=False, packages_skip_build_finished=False, packages_select_test_failures=False, packages_skip_test_passed=False, packages_select=None, packages_skip=None, packages_select_regex=None, packages_skip_regex=None, packages_start=None, packages_end=None, allow_overriding=[], cmake_args=None, cmake_target=None, cmake_target_skip_unavailable=False, cmake_clean_cache=False, cmake_clean_first=False, cmake_force_configure=False, ament_cmake_args=None, catkin_cmake_args=None, catkin_skip_building_tests=False, verb_parser=<colcon_defaults.argument_parser.defaults.DefaultArgumentsDecorator object at 0x7c2bad3baf20>, verb_extension=<colcon_core.verb.build.BuildVerb object at 0x7c2bad4dbaf0>, main=<bound method BuildVerb.main of <colcon_core.verb.build.BuildVerb object at 0x7c2bad4dbaf0>>)
[0.108s] Level 1:colcon.colcon_core.package_discovery:discover_packages(colcon_meta) check parameters
[0.108s] Level 1:colcon.colcon_core.package_discovery:discover_packages(recursive) check parameters
[0.108s] Level 1:colcon.colcon_core.package_discovery:discover_packages(ignore) check parameters
[0.108s] Level 1:colcon.colcon_core.package_discovery:discover_packages(path) check parameters
[0.108s] Level 1:colcon.colcon_core.package_discovery:discover_packages(colcon_meta) discover
[0.108s] Level 1:colcon.colcon_core.package_discovery:discover_packages(recursive) discover
[0.108s] INFO:colcon.colcon_core.package_discovery:Crawling recursively for packages in '/home/addienze/MagangBanyubramanta/joystick/control'
[0.108s] Level 1:colcon.colcon_core.package_identification:_identify(.) by extensions ['ignore', 'ignore_ament_install']
[0.108s] Level 1:colcon.colcon_core.package_identification:_identify(.) by extension 'ignore'
[0.108s] Level 1:colcon.colcon_core.package_identification:_identify(.) by extension 'ignore_ament_install'
[0.108s] Level 1:colcon.colcon_core.package_identification:_identify(.) by extensions ['colcon_pkg']
[0.108s] Level 1:colcon.colcon_core.package_identification:_identify(.) by extension 'colcon_pkg'
[0.108s] Level 1:colcon.colcon_core.package_identification:_identify(.) by extensions ['colcon_meta']
[0.108s] Level 1:colcon.colcon_core.package_identification:_identify(.) by extension 'colcon_meta'
[0.108s] Level 1:colcon.colcon_core.package_identification:_identify(.) by extensions ['ros']
[0.108s] Level 1:colcon.colcon_core.package_identification:_identify(.) by extension 'ros'
[0.116s] DEBUG:colcon.colcon_core.package_identification:Package '.' with type 'ros.ament_cmake' and name 'control'
[0.116s] Level 1:colcon.colcon_core.package_discovery:discover_packages(recursive) using defaults
[0.116s] Level 1:colcon.colcon_core.package_discovery:discover_packages(ignore) discover
[0.116s] Level 1:colcon.colcon_core.package_discovery:discover_packages(ignore) using defaults
[0.116s] Level 1:colcon.colcon_core.package_discovery:discover_packages(path) discover
[0.116s] Level 1:colcon.colcon_core.package_discovery:discover_packages(path) using defaults
[0.127s] Level 1:colcon.colcon_core.package_discovery:discover_packages(prefix_path) check parameters
[0.128s] Level 1:colcon.colcon_core.package_discovery:discover_packages(prefix_path) discover
[0.128s] Level 1:colcon.colcon_core.package_discovery:discover_packages(prefix_path) using defaults
[0.129s] Level 5:colcon.colcon_core.verb:set package 'control' build argument 'cmake_args' from command line to 'None'
[0.129s] Level 5:colcon.colcon_core.verb:set package 'control' build argument 'cmake_target' from command line to 'None'
[0.129s] Level 5:colcon.colcon_core.verb:set package 'control' build argument 'cmake_target_skip_unavailable' from command line to 'False'
[0.129s] Level 5:colcon.colcon_core.verb:set package 'control' build argument 'cmake_clean_cache' from command line to 'False'
[0.129s] Level 5:colcon.colcon_core.verb:set package 'control' build argument 'cmake_clean_first' from command line to 'False'
[0.129s] Level 5:colcon.colcon_core.verb:set package 'control' build argument 'cmake_force_configure' from command line to 'False'
[0.129s] Level 5:colcon.colcon_core.verb:set package 'control' build argument 'ament_cmake_args' from command line to 'None'
[0.129s] Level 5:colcon.colcon_core.verb:set package 'control' build argument 'catkin_cmake_args' from command line to 'None'
[0.129s] Level 5:colcon.colcon_core.verb:set package 'control' build argument 'catkin_skip_building_tests' from command line to 'False'
[0.129s] DEBUG:colcon.colcon_core.verb:Building package 'control' with the following arguments: {'ament_cmake_args': None, 'build_base': '/home/addienze/MagangBanyubramanta/joystick/control/build/control', 'catkin_cmake_args': None, 'catkin_skip_building_tests': False, 'cmake_args': None, 'cmake_clean_cache': False, 'cmake_clean_first': False, 'cmake_force_configure': False, 'cmake_target': None, 'cmake_target_skip_unavailable': False, 'install_base': '/home/addienze/MagangBanyubramanta/joystick/control/install/control', 'merge_install': False, 'path': '/home/addienze/MagangBanyubramanta/joystick/control', 'symlink_install': False, 'test_result_base': None}
[0.129s] INFO:colcon.colcon_core.executor:Executing jobs using 'parallel' executor
[0.130s] DEBUG:colcon.colcon_parallel_executor.executor.parallel:run_until_complete
[0.130s] INFO:colcon.colcon_ros.task.ament_cmake.build:Building ROS package in '/home/addienze/MagangBanyubramanta/joystick/control' with build type 'ament_cmake'
[0.130s] INFO:colcon.colcon_cmake.task.cmake.build:Building CMake package in '/home/addienze/MagangBanyubramanta/joystick/control'
[0.132s] INFO:colcon.colcon_core.plugin_system:Skipping extension 'colcon_core.shell.bat': Not used on non-Windows systems
[0.132s] INFO:colcon.colcon_core.shell:Skip shell extension 'powershell' for command environment: Not usable outside of PowerShell
[0.132s] DEBUG:colcon.colcon_core.shell:Skip shell extension 'dsv' for command environment
[0.139s] DEBUG:colcon.colcon_core.event_handler.log_command:Invoking command in '/home/addienze/MagangBanyubramanta/joystick/control/build/control': /usr/bin/cmake --build /home/addienze/MagangBanyubramanta/joystick/control/build/control -- -j12 -l12
[0.288s] DEBUG:colcon.colcon_core.event_handler.log_command:Invoked command in '/home/addienze/MagangBanyubramanta/joystick/control/build/control' returned '2': /usr/bin/cmake --build /home/addienze/MagangBanyubramanta/joystick/control/build/control -- -j12 -l12
[0.309s] Level 1:colcon.colcon_core.environment:create_environment_scripts_only(control)
[0.311s] Level 1:colcon.colcon_core.environment:checking '/home/addienze/MagangBanyubramanta/joystick/control/install/control' for CMake module files
[0.312s] Level 1:colcon.colcon_core.environment:checking '/home/addienze/MagangBanyubramanta/joystick/control/install/control' for CMake config files
[0.312s] Level 1:colcon.colcon_core.shell:create_environment_hook('control', 'cmake_prefix_path')
[0.312s] INFO:colcon.colcon_core.shell:Creating environment hook '/home/addienze/MagangBanyubramanta/joystick/control/install/control/share/control/hook/cmake_prefix_path.ps1'
[0.313s] INFO:colcon.colcon_core.shell:Creating environment descriptor '/home/addienze/MagangBanyubramanta/joystick/control/install/control/share/control/hook/cmake_prefix_path.dsv'
[0.313s] INFO:colcon.colcon_core.shell:Creating environment hook '/home/addienze/MagangBanyubramanta/joystick/control/install/control/share/control/hook/cmake_prefix_path.sh'
[0.314s] Level 1:colcon.colcon_core.environment:checking '/home/addienze/MagangBanyubramanta/joystick/control/install/control/lib'
[0.314s] Level 1:colcon.colcon_core.environment:checking '/home/addienze/MagangBanyubramanta/joystick/control/install/control/bin'
[0.314s] Level 1:colcon.colcon_core.environment:checking '/home/addienze/MagangBanyubramanta/joystick/control/install/control/lib/pkgconfig/control.pc'
[0.315s] Level 1:colcon.colcon_core.environment:checking '/home/addienze/MagangBanyubramanta/joystick/control/install/control/lib/python3.10/site-packages'
[0.315s] Level 1:colcon.colcon_core.environment:checking '/home/addienze/MagangBanyubramanta/joystick/control/install/control/bin'
[0.316s] INFO:colcon.colcon_core.shell:Creating package script '/home/addienze/MagangBanyubramanta/joystick/control/install/control/share/control/package.ps1'
[0.316s] INFO:colcon.colcon_core.shell:Creating package descriptor '/home/addienze/MagangBanyubramanta/joystick/control/install/control/share/control/package.dsv'
[0.316s] INFO:colcon.colcon_core.shell:Creating package script '/home/addienze/MagangBanyubramanta/joystick/control/install/control/share/control/package.sh'
[0.317s] INFO:colcon.colcon_core.shell:Creating package script '/home/addienze/MagangBanyubramanta/joystick/control/install/control/share/control/package.bash'
[0.317s] INFO:colcon.colcon_core.shell:Creating package script '/home/addienze/MagangBanyubramanta/joystick/control/install/control/share/control/package.zsh'
[0.318s] Level 1:colcon.colcon_core.environment:create_file_with_runtime_dependencies(/home/addienze/MagangBanyubramanta/joystick/control/install/control/share/colcon-core/packages/control)
[0.328s] DEBUG:colcon.colcon_parallel_executor.executor.parallel:closing loop
[0.328s] DEBUG:colcon.colcon_parallel_executor.executor.parallel:loop closed
[0.328s] DEBUG:colcon.colcon_parallel_executor.executor.parallel:run_until_complete finished with '2'
[0.328s] DEBUG:colcon.colcon_core.event_reactor:joining thread
[0.331s] INFO:colcon.colcon_core.plugin_system:Skipping extension 'colcon_notification.desktop_notification.terminal_notifier': Not used on non-Darwin systems
[0.331s] INFO:colcon.colcon_core.plugin_system:Skipping extension 'colcon_notification.desktop_notification.win32': Not used on non-Windows systems
[0.331s] INFO:colcon.colcon_notification.desktop_notification:Sending desktop notification using 'notify2'
[0.342s] DEBUG:colcon.colcon_core.event_reactor:joined thread
[0.342s] INFO:colcon.colcon_core.shell:Creating prefix script '/home/addienze/MagangBanyubramanta/joystick/control/install/local_setup.ps1'
[0.343s] INFO:colcon.colcon_core.shell:Creating prefix util module '/home/addienze/MagangBanyubramanta/joystick/control/install/_local_setup_util_ps1.py'
[0.345s] INFO:colcon.colcon_core.shell:Creating prefix chain script '/home/addienze/MagangBanyubramanta/joystick/control/install/setup.ps1'
[0.346s] INFO:colcon.colcon_core.shell:Creating prefix script '/home/addienze/MagangBanyubramanta/joystick/control/install/local_setup.sh'
[0.346s] INFO:colcon.colcon_core.shell:Creating prefix util module '/home/addienze/MagangBanyubramanta/joystick/control/install/_local_setup_util_sh.py'
[0.346s] INFO:colcon.colcon_core.shell:Creating prefix chain script '/home/addienze/MagangBanyubramanta/joystick/control/install/setup.sh'
[0.347s] INFO:colcon.colcon_core.shell:Creating prefix script '/home/addienze/MagangBanyubramanta/joystick/control/install/local_setup.bash'
[0.347s] INFO:colcon.colcon_core.shell:Creating prefix chain script '/home/addienze/MagangBanyubramanta/joystick/control/install/setup.bash'
[0.347s] INFO:colcon.colcon_core.shell:Creating prefix script '/home/addienze/MagangBanyubramanta/joystick/control/install/local_setup.zsh'
[0.348s] INFO:colcon.colcon_core.shell:Creating prefix chain script '/home/addienze/MagangBanyubramanta/joystick/control/install/setup.zsh'
